This file contains any messages produced by compilers while
running configure, to aid debugging if configure makes a mistake.

It was created by autossh configure 1.4, which was
generated by GNU Autoconf 2.59.  Invocation command line was

  $ ./configure --prefix=/usr/local --mandir=/usr/local/man --infodir=/usr/local/info/ --build=i386-portbld-freebsd8.0

## --------- ##
## Platform. ##
## --------- ##

hostname = terran.dlink.ua
uname -m = i386
uname -r = 8.0-RELEASE-p2
uname -s = FreeBSD
uname -v = FreeBSD 8.0-RELEASE-p2 #0: Tue Jan  5 16:02:27 UTC 2010     root@i386-builder.daemonology.net:/usr/obj/usr/src/sys/GENERIC 

/usr/bin/uname -p = i386
/bin/uname -X     = unknown

/bin/arch              = unknown
/usr/bin/arch -k       = unknown
/usr/convex/getsysinfo = unknown
hostinfo               = unknown
/bin/machine           = unknown
/usr/bin/oslevel       = unknown
/bin/universe          = unknown

PATH: /sbin
PATH: /bin
PATH: /usr/sbin
PATH: /usr/bin
PATH: /usr/games
PATH: /usr/local/sbin
PATH: /usr/local/bin
PATH: /home/ray/bin


## ----------- ##
## Core tests. ##
## ----------- ##

configure:1363: checking for gcc
configure:1389: result: cc
configure:1633: checking for C compiler version
configure:1636: cc --version </dev/null >&5
cc (GCC) 4.2.1 20070719  [FreeBSD]
Copyright (C) 2007 Free Software Foundation, Inc.
This is free software; see the source for copying conditions.  There is NO
warranty; not even for MERCHANTABILITY or FITNESS FOR A PARTICULAR PURPOSE.

configure:1639: $? = 0
configure:1641: cc -v </dev/null >&5
Using built-in specs.
Target: i386-undermydesk-freebsd
Configured with: FreeBSD/i386 system compiler
Thread model: posix
gcc version 4.2.1 20070719  [FreeBSD]
configure:1644: $? = 0
configure:1646: cc -V </dev/null >&5
cc: '-V' option must have argument
configure:1649: $? = 1
configure:1672: checking for C compiler default output file name
configure:1675: cc -O2 -pipe -fno-strict-aliasing   conftest.c  >&5
configure:1678: $? = 0
configure:1724: result: a.out
configure:1729: checking whether the C compiler works
configure:1735: ./a.out
configure:1738: $? = 0
configure:1755: result: yes
configure:1762: checking whether we are cross compiling
configure:1764: result: no
configure:1767: checking for suffix of executables
configure:1769: cc -o conftest -O2 -pipe -fno-strict-aliasing   conftest.c  >&5
configure:1772: $? = 0
configure:1797: result: 
configure:1803: checking for suffix of object files
configure:1824: cc -c -O2 -pipe -fno-strict-aliasing  conftest.c >&5
configure:1827: $? = 0
configure:1849: result: o
configure:1853: checking whether we are using the GNU C compiler
configure:1877: cc -c -O2 -pipe -fno-strict-aliasing  conftest.c >&5
configure:1883: $? = 0
configure:1887: test -z 
			 || test ! -s conftest.err
configure:1890: $? = 0
configure:1893: test -s conftest.o
configure:1896: $? = 0
configure:1909: result: yes
configure:1915: checking whether cc accepts -g
configure:1936: cc -c -g  conftest.c >&5
configure:1942: $? = 0
configure:1946: test -z 
			 || test ! -s conftest.err
configure:1949: $? = 0
configure:1952: test -s conftest.o
configure:1955: $? = 0
configure:1966: result: yes
configure:1983: checking for cc option to accept ANSI C
configure:2053: cc  -c -O2 -pipe -fno-strict-aliasing  conftest.c >&5
configure:2059: $? = 0
configure:2063: test -z 
			 || test ! -s conftest.err
configure:2066: $? = 0
configure:2069: test -s conftest.o
configure:2072: $? = 0
configure:2090: result: none needed
configure:2108: cc -c -O2 -pipe -fno-strict-aliasing  conftest.c >&5
conftest.c:2: error: expected '=', ',', ';', 'asm' or '__attribute__' before 'me'
configure:2114: $? = 1
configure: failed program was:
| #ifndef __cplusplus
|   choke me
| #endif
configure:2261: checking for ssh
configure:2279: found /usr/bin/ssh
configure:2291: result: /usr/bin/ssh
configure:2322: checking how to run the C preprocessor
configure:2440: result: cpp
configure:2464: cpp  conftest.c
configure:2470: $? = 0
configure:2502: cpp  conftest.c
conftest.c:10:28: error: ac_nonexistent.h: No such file or directory
configure:2508: $? = 1
configure: failed program was:
| /* confdefs.h.  */
| 
| #define PACKAGE_NAME "autossh"
| #define PACKAGE_TARNAME "autossh"
| #define PACKAGE_VERSION "1.4"
| #define PACKAGE_STRING "autossh 1.4"
| #define PACKAGE_BUGREPORT "Carson Harding <harding@motd.ca>"
| #define PATH_SSH "/usr/bin/ssh"
| /* end confdefs.h.  */
| #include <ac_nonexistent.h>
configure:2552: checking for egrep
configure:2562: result: grep -E
configure:2567: checking for ANSI C header files
configure:2592: cc -c -O2 -pipe -fno-strict-aliasing -Wall  conftest.c >&5
configure:2598: $? = 0
configure:2602: test -z 
			 || test ! -s conftest.err
configure:2605: $? = 0
configure:2608: test -s conftest.o
configure:2611: $? = 0
configure:2700: cc -o conftest -O2 -pipe -fno-strict-aliasing -Wall   conftest.c  >&5
conftest.c: In function 'main':
conftest.c:27: warning: implicit declaration of function 'exit'
conftest.c:27: warning: incompatible implicit declaration of built-in function 'exit'
configure:2703: $? = 0
configure:2705: ./conftest
configure:2708: $? = 0
configure:2723: result: yes
configure:2733: checking for sys/wait.h that is POSIX.1 compatible
configure:2764: cc -c -O2 -pipe -fno-strict-aliasing -Wall  conftest.c >&5
configure:2770: $? = 0
configure:2774: test -z 
			 || test ! -s conftest.err
configure:2777: $? = 0
configure:2780: test -s conftest.o
configure:2783: $? = 0
configure:2794: result: yes
configure:2818: checking for sys/types.h
configure:2834: cc -c -O2 -pipe -fno-strict-aliasing -Wall  conftest.c >&5
configure:2840: $? = 0
configure:2844: test -z 
			 || test ! -s conftest.err
configure:2847: $? = 0
configure:2850: test -s conftest.o
configure:2853: $? = 0
configure:2864: result: yes
configure:2818: checking for sys/stat.h
configure:2834: cc -c -O2 -pipe -fno-strict-aliasing -Wall  conftest.c >&5
configure:2840: $? = 0
configure:2844: test -z 
			 || test ! -s conftest.err
configure:2847: $? = 0
configure:2850: test -s conftest.o
configure:2853: $? = 0
configure:2864: result: yes
configure:2818: checking for stdlib.h
configure:2834: cc -c -O2 -pipe -fno-strict-aliasing -Wall  conftest.c >&5
configure:2840: $? = 0
configure:2844: test -z 
			 || test ! -s conftest.err
configure:2847: $? = 0
configure:2850: test -s conftest.o
configure:2853: $? = 0
configure:2864: result: yes
configure:2818: checking for string.h
configure:2834: cc -c -O2 -pipe -fno-strict-aliasing -Wall  conftest.c >&5
configure:2840: $? = 0
configure:2844: test -z 
			 || test ! -s conftest.err
configure:2847: $? = 0
configure:2850: test -s conftest.o
configure:2853: $? = 0
configure:2864: result: yes
configure:2818: checking for memory.h
configure:2834: cc -c -O2 -pipe -fno-strict-aliasing -Wall  conftest.c >&5
configure:2840: $? = 0
configure:2844: test -z 
			 || test ! -s conftest.err
configure:2847: $? = 0
configure:2850: test -s conftest.o
configure:2853: $? = 0
configure:2864: result: yes
configure:2818: checking for strings.h
configure:2834: cc -c -O2 -pipe -fno-strict-aliasing -Wall  conftest.c >&5
configure:2840: $? = 0
configure:2844: test -z 
			 || test ! -s conftest.err
configure:2847: $? = 0
configure:2850: test -s conftest.o
configure:2853: $? = 0
configure:2864: result: yes
configure:2818: checking for inttypes.h
configure:2834: cc -c -O2 -pipe -fno-strict-aliasing -Wall  conftest.c >&5
configure:2840: $? = 0
configure:2844: test -z 
			 || test ! -s conftest.err
configure:2847: $? = 0
configure:2850: test -s conftest.o
configure:2853: $? = 0
configure:2864: result: yes
configure:2818: checking for stdint.h
configure:2834: cc -c -O2 -pipe -fno-strict-aliasing -Wall  conftest.c >&5
configure:2840: $? = 0
configure:2844: test -z 
			 || test ! -s conftest.err
configure:2847: $? = 0
configure:2850: test -s conftest.o
configure:2853: $? = 0
configure:2864: result: yes
configure:2818: checking for unistd.h
configure:2834: cc -c -O2 -pipe -fno-strict-aliasing -Wall  conftest.c >&5
configure:2840: $? = 0
configure:2844: test -z 
			 || test ! -s conftest.err
configure:2847: $? = 0
configure:2850: test -s conftest.o
configure:2853: $? = 0
configure:2864: result: yes
configure:2893: checking arpa/inet.h usability
configure:2905: cc -c -O2 -pipe -fno-strict-aliasing -Wall  conftest.c >&5
configure:2911: $? = 0
configure:2915: test -z 
			 || test ! -s conftest.err
configure:2918: $? = 0
configure:2921: test -s conftest.o
configure:2924: $? = 0
configure:2934: result: yes
configure:2938: checking arpa/inet.h presence
configure:2948: cpp  conftest.c
configure:2954: $? = 0
configure:2974: result: yes
configure:3009: checking for arpa/inet.h
configure:3016: result: yes
configure:2893: checking fcntl.h usability
configure:2905: cc -c -O2 -pipe -fno-strict-aliasing -Wall  conftest.c >&5
configure:2911: $? = 0
configure:2915: test -z 
			 || test ! -s conftest.err
configure:2918: $? = 0
configure:2921: test -s conftest.o
configure:2924: $? = 0
configure:2934: result: yes
configure:2938: checking fcntl.h presence
configure:2948: cpp  conftest.c
configure:2954: $? = 0
configure:2974: result: yes
configure:3009: checking for fcntl.h
configure:3016: result: yes
configure:2893: checking limits.h usability
configure:2905: cc -c -O2 -pipe -fno-strict-aliasing -Wall  conftest.c >&5
configure:2911: $? = 0
configure:2915: test -z 
			 || test ! -s conftest.err
configure:2918: $? = 0
configure:2921: test -s conftest.o
configure:2924: $? = 0
configure:2934: result: yes
configure:2938: checking limits.h presence
configure:2948: cpp  conftest.c
configure:2954: $? = 0
configure:2974: result: yes
configure:3009: checking for limits.h
configure:3016: result: yes
configure:2893: checking netdb.h usability
configure:2905: cc -c -O2 -pipe -fno-strict-aliasing -Wall  conftest.c >&5
configure:2911: $? = 0
configure:2915: test -z 
			 || test ! -s conftest.err
configure:2918: $? = 0
configure:2921: test -s conftest.o
configure:2924: $? = 0
configure:2934: result: yes
configure:2938: checking netdb.h presence
configure:2948: cpp  conftest.c
configure:2954: $? = 0
configure:2974: result: yes
configure:3009: checking for netdb.h
configure:3016: result: yes
configure:3047: checking netinet/in.h usability
configure:3059: cc -c -O2 -pipe -fno-strict-aliasing -Wall  conftest.c >&5
configure:3065: $? = 0
configure:3069: test -z 
			 || test ! -s conftest.err
configure:3072: $? = 0
configure:3075: test -s conftest.o
configure:3078: $? = 0
configure:3088: result: yes
configure:3092: checking netinet/in.h presence
configure:3102: cpp  conftest.c
configure:3108: $? = 0
configure:3128: result: yes
configure:3163: checking for netinet/in.h
configure:3170: result: yes
configure:3047: checking paths.h usability
configure:3059: cc -c -O2 -pipe -fno-strict-aliasing -Wall  conftest.c >&5
configure:3065: $? = 0
configure:3069: test -z 
			 || test ! -s conftest.err
configure:3072: $? = 0
configure:3075: test -s conftest.o
configure:3078: $? = 0
configure:3088: result: yes
configure:3092: checking paths.h presence
configure:3102: cpp  conftest.c
configure:3108: $? = 0
configure:3128: result: yes
configure:3163: checking for paths.h
configure:3170: result: yes
configure:3038: checking for stdlib.h
configure:3043: result: yes
configure:3038: checking for string.h
configure:3043: result: yes
configure:3047: checking sys/socket.h usability
configure:3059: cc -c -O2 -pipe -fno-strict-aliasing -Wall  conftest.c >&5
configure:3065: $? = 0
configure:3069: test -z 
			 || test ! -s conftest.err
configure:3072: $? = 0
configure:3075: test -s conftest.o
configure:3078: $? = 0
configure:3088: result: yes
configure:3092: checking sys/socket.h presence
configure:3102: cpp  conftest.c
configure:3108: $? = 0
configure:3128: result: yes
configure:3163: checking for sys/socket.h
configure:3170: result: yes
configure:3199: checking sys/time.h usability
configure:3211: cc -c -O2 -pipe -fno-strict-aliasing -Wall  conftest.c >&5
configure:3217: $? = 0
configure:3221: test -z 
			 || test ! -s conftest.err
configure:3224: $? = 0
configure:3227: test -s conftest.o
configure:3230: $? = 0
configure:3240: result: yes
configure:3244: checking sys/time.h presence
configure:3254: cpp  conftest.c
configure:3260: $? = 0
configure:3280: result: yes
configure:3315: checking for sys/time.h
configure:3322: result: yes
configure:3199: checking syslog.h usability
configure:3211: cc -c -O2 -pipe -fno-strict-aliasing -Wall  conftest.c >&5
configure:3217: $? = 0
configure:3221: test -z 
			 || test ! -s conftest.err
configure:3224: $? = 0
configure:3227: test -s conftest.o
configure:3230: $? = 0
configure:3240: result: yes
configure:3244: checking syslog.h presence
configure:3254: cpp  conftest.c
configure:3260: $? = 0
configure:3280: result: yes
configure:3315: checking for syslog.h
configure:3322: result: yes
configure:3190: checking for unistd.h
configure:3195: result: yes
configure:3338: checking for an ANSI C-conforming const
configure:3405: cc -c -O2 -pipe -fno-strict-aliasing -Wall  conftest.c >&5
conftest.c: In function 'main':
conftest.c:60: warning: unused variable 's'
conftest.c:80: warning: unused variable 'foo'
conftest.c:47: warning: unused variable 'zero'
conftest.c:41: warning: unused variable 'x'
conftest.c:62: warning: 't' is used uninitialized in this function
conftest.c:77: warning: 'b' is used uninitialized in this function
configure:3411: $? = 0
configure:3415: test -z 
			 || test ! -s conftest.err
configure:3418: $? = 0
configure:3421: test -s conftest.o
configure:3424: $? = 0
configure:3435: result: yes
configure:3445: checking for inline
configure:3466: cc -c -O2 -pipe -fno-strict-aliasing -Wall  conftest.c >&5
configure:3472: $? = 0
configure:3476: test -z 
			 || test ! -s conftest.err
configure:3479: $? = 0
configure:3482: test -s conftest.o
configure:3485: $? = 0
configure:3497: result: inline
configure:3516: checking for size_t
configure:3540: cc -c -O2 -pipe -fno-strict-aliasing -Wall  conftest.c >&5
configure:3546: $? = 0
configure:3550: test -z 
			 || test ! -s conftest.err
configure:3553: $? = 0
configure:3556: test -s conftest.o
configure:3559: $? = 0
configure:3570: result: yes
configure:3582: checking whether time.h and sys/time.h may both be included
configure:3607: cc -c -O2 -pipe -fno-strict-aliasing -Wall  conftest.c >&5
configure:3613: $? = 0
configure:3617: test -z 
			 || test ! -s conftest.err
configure:3620: $? = 0
configure:3623: test -s conftest.o
configure:3626: $? = 0
configure:3637: result: yes
configure:3647: checking whether struct tm is in sys/time.h or time.h
configure:3670: cc -c -O2 -pipe -fno-strict-aliasing -Wall  conftest.c >&5
conftest.c: In function 'main':
conftest.c:40: warning: statement with no effect
configure:3676: $? = 0
configure:3680: test -z 
			 || test ! -s conftest.err
configure:3683: $? = 0
configure:3686: test -s conftest.o
configure:3689: $? = 0
configure:3700: result: time.h
configure:3710: checking for working volatile
configure:3733: cc -c -O2 -pipe -fno-strict-aliasing -Wall  conftest.c >&5
conftest.c: In function 'main':
conftest.c:40: warning: unused variable 'y'
conftest.c:39: warning: unused variable 'x'
configure:3739: $? = 0
configure:3743: test -z 
			 || test ! -s conftest.err
configure:3746: $? = 0
configure:3749: test -s conftest.o
configure:3752: $? = 0
configure:3763: result: yes
configure:3773: checking for socklen_t
configure:3809: cc -c -O2 -pipe -fno-strict-aliasing -Wall  conftest.c >&5
configure:3815: $? = 0
configure:3819: test -z 
			 || test ! -s conftest.err
configure:3822: $? = 0
configure:3825: test -s conftest.o
configure:3828: $? = 0
configure:3839: result: yes
configure:3849: checking for struct addrinfo
configure:3879: cc -c -O2 -pipe -fno-strict-aliasing -Wall  conftest.c >&5
configure:3885: $? = 0
configure:3889: test -z 
			 || test ! -s conftest.err
configure:3892: $? = 0
configure:3895: test -s conftest.o
configure:3898: $? = 0
configure:3909: result: yes
configure:3919: checking for u_int16_t
configure:3949: cc -c -O2 -pipe -fno-strict-aliasing -Wall  conftest.c >&5
configure:3955: $? = 0
configure:3959: test -z 
			 || test ! -s conftest.err
configure:3962: $? = 0
configure:3965: test -s conftest.o
configure:3968: $? = 0
configure:3979: result: yes
configure:3989: checking for uint16_t
configure:4019: cc -c -O2 -pipe -fno-strict-aliasing -Wall  conftest.c >&5
configure:4025: $? = 0
configure:4029: test -z 
			 || test ! -s conftest.err
configure:4032: $? = 0
configure:4035: test -s conftest.o
configure:4038: $? = 0
configure:4049: result: yes
configure:4059: checking whether LOG_PERROR is declared
configure:4089: cc -c -O2 -pipe -fno-strict-aliasing -Wall  conftest.c >&5
configure:4095: $? = 0
configure:4099: test -z 
			 || test ! -s conftest.err
configure:4102: $? = 0
configure:4105: test -s conftest.o
configure:4108: $? = 0
configure:4119: result: yes
configure:4132: checking for pid_t
configure:4156: cc -c -O2 -pipe -fno-strict-aliasing -Wall  conftest.c >&5
configure:4162: $? = 0
configure:4166: test -z 
			 || test ! -s conftest.err
configure:4169: $? = 0
configure:4172: test -s conftest.o
configure:4175: $? = 0
configure:4186: result: yes
configure:4204: checking for unistd.h
configure:4209: result: yes
configure:4213: checking vfork.h usability
configure:4225: cc -c -O2 -pipe -fno-strict-aliasing -Wall  conftest.c >&5
conftest.c:74:19: error: vfork.h: No such file or directory
configure:4231: $? = 1
configure: failed program was:
| /* confdefs.h.  */
| 
| #define PACKAGE_NAME "autossh"
| #define PACKAGE_TARNAME "autossh"
| #define PACKAGE_VERSION "1.4"
| #define PACKAGE_STRING "autossh 1.4"
| #define PACKAGE_BUGREPORT "Carson Harding <harding@motd.ca>"
| #define PATH_SSH "/usr/bin/ssh"
| #define STDC_HEADERS 1
| #define HAVE_SYS_WAIT_H 1
| #define HAVE_SYS_TYPES_H 1
| #define HAVE_SYS_STAT_H 1
| #define HAVE_STDLIB_H 1
| #define HAVE_STRING_H 1
| #define HAVE_MEMORY_H 1
| #define HAVE_STRINGS_H 1
| #define HAVE_INTTYPES_H 1
| #define HAVE_STDINT_H 1
| #define HAVE_UNISTD_H 1
| #define HAVE_ARPA_INET_H 1
| #define HAVE_FCNTL_H 1
| #define HAVE_LIMITS_H 1
| #define HAVE_NETDB_H 1
| #define HAVE_NETINET_IN_H 1
| #define HAVE_PATHS_H 1
| #define HAVE_STDLIB_H 1
| #define HAVE_STRING_H 1
| #define HAVE_SYS_SOCKET_H 1
| #define HAVE_SYS_TIME_H 1
| #define HAVE_SYSLOG_H 1
| #define HAVE_UNISTD_H 1
| #define TIME_WITH_SYS_TIME 1
| #define HAVE_SOCKLEN_T 1
| #define HAVE_ADDRINFO 1
| #define HAVE_U_INT16_T 1
| #define HAVE_UINT16_T 1
| #define HAVE_LOG_PERROR 1
| #define HAVE_UNISTD_H 1
| /* end confdefs.h.  */
| #include <stdio.h>
| #if HAVE_SYS_TYPES_H
| # include <sys/types.h>
| #endif
| #if HAVE_SYS_STAT_H
| # include <sys/stat.h>
| #endif
| #if STDC_HEADERS
| # include <stdlib.h>
| # include <stddef.h>
| #else
| # if HAVE_STDLIB_H
| #  include <stdlib.h>
| # endif
| #endif
| #if HAVE_STRING_H
| # if !STDC_HEADERS && HAVE_MEMORY_H
| #  include <memory.h>
| # endif
| # include <string.h>
| #endif
| #if HAVE_STRINGS_H
| # include <strings.h>
| #endif
| #if HAVE_INTTYPES_H
| # include <inttypes.h>
| #else
| # if HAVE_STDINT_H
| #  include <stdint.h>
| # endif
| #endif
| #if HAVE_UNISTD_H
| # include <unistd.h>
| #endif
| #include <vfork.h>
configure:4254: result: no
configure:4258: checking vfork.h presence
configure:4268: cpp  conftest.c
conftest.c:40:19: error: vfork.h: No such file or directory
configure:4274: $? = 1
configure: failed program was:
| /* confdefs.h.  */
| 
| #define PACKAGE_NAME "autossh"
| #define PACKAGE_TARNAME "autossh"
| #define PACKAGE_VERSION "1.4"
| #define PACKAGE_STRING "autossh 1.4"
| #define PACKAGE_BUGREPORT "Carson Harding <harding@motd.ca>"
| #define PATH_SSH "/usr/bin/ssh"
| #define STDC_HEADERS 1
| #define HAVE_SYS_WAIT_H 1
| #define HAVE_SYS_TYPES_H 1
| #define HAVE_SYS_STAT_H 1
| #define HAVE_STDLIB_H 1
| #define HAVE_STRING_H 1
| #define HAVE_MEMORY_H 1
| #define HAVE_STRINGS_H 1
| #define HAVE_INTTYPES_H 1
| #define HAVE_STDINT_H 1
| #define HAVE_UNISTD_H 1
| #define HAVE_ARPA_INET_H 1
| #define HAVE_FCNTL_H 1
| #define HAVE_LIMITS_H 1
| #define HAVE_NETDB_H 1
| #define HAVE_NETINET_IN_H 1
| #define HAVE_PATHS_H 1
| #define HAVE_STDLIB_H 1
| #define HAVE_STRING_H 1
| #define HAVE_SYS_SOCKET_H 1
| #define HAVE_SYS_TIME_H 1
| #define HAVE_SYSLOG_H 1
| #define HAVE_UNISTD_H 1
| #define TIME_WITH_SYS_TIME 1
| #define HAVE_SOCKLEN_T 1
| #define HAVE_ADDRINFO 1
| #define HAVE_U_INT16_T 1
| #define HAVE_UINT16_T 1
| #define HAVE_LOG_PERROR 1
| #define HAVE_UNISTD_H 1
| /* end confdefs.h.  */
| #include <vfork.h>
configure:4294: result: no
configure:4329: checking for vfork.h
configure:4336: result: no
configure:4354: checking for fork
configure:4411: cc -o conftest -O2 -pipe -fno-strict-aliasing -Wall   conftest.c  >&5
conftest.c:64: warning: conflicting types for built-in function 'fork'
configure:4417: $? = 0
configure:4421: test -z 
			 || test ! -s conftest.err
configure:4424: $? = 0
configure:4427: test -s conftest
configure:4430: $? = 0
configure:4442: result: yes
configure:4354: checking for vfork
configure:4411: cc -o conftest -O2 -pipe -fno-strict-aliasing -Wall   conftest.c  >&5
configure:4417: $? = 0
configure:4421: test -z 
			 || test ! -s conftest.err
configure:4424: $? = 0
configure:4427: test -s conftest
configure:4430: $? = 0
configure:4442: result: yes
configure:4453: checking for working fork
configure:4476: cc -o conftest -O2 -pipe -fno-strict-aliasing -Wall   conftest.c  >&5
conftest.c: In function 'main':
conftest.c:9: warning: implicit declaration of function 'fork'
conftest.c:10: warning: implicit declaration of function 'exit'
conftest.c:10: warning: incompatible implicit declaration of built-in function 'exit'
configure:4479: $? = 0
configure:4481: ./conftest
configure:4484: $? = 0
configure:4498: result: yes
configure:4519: checking for working vfork
configure:4652: result: yes
configure:4688: checking for stdlib.h
configure:4693: result: yes
configure:4833: checking for GNU libc compatible malloc
configure:4862: cc -o conftest -O2 -pipe -fno-strict-aliasing -Wall   conftest.c  >&5
configure:4865: $? = 0
configure:4867: ./conftest
configure:4870: $? = 0
configure:4884: result: yes
configure:4919: checking for stdlib.h
configure:4924: result: yes
configure:5064: checking for GNU libc compatible realloc
configure:5093: cc -o conftest -O2 -pipe -fno-strict-aliasing -Wall   conftest.c  >&5
configure:5096: $? = 0
configure:5098: ./conftest
configure:5101: $? = 0
configure:5115: result: yes
configure:5160: checking sys/select.h usability
configure:5172: cc -c -O2 -pipe -fno-strict-aliasing -Wall  conftest.c >&5
configure:5178: $? = 0
configure:5182: test -z 
			 || test ! -s conftest.err
configure:5185: $? = 0
configure:5188: test -s conftest.o
configure:5191: $? = 0
configure:5201: result: yes
configure:5205: checking sys/select.h presence
configure:5215: cpp  conftest.c
configure:5221: $? = 0
configure:5241: result: yes
configure:5276: checking for sys/select.h
configure:5283: result: yes
configure:5151: checking for sys/socket.h
configure:5156: result: yes
configure:5296: checking types of arguments for select
configure:5329: cc -c -O2 -pipe -fno-strict-aliasing -Wall  conftest.c >&5
configure:5335: $? = 0
configure:5339: test -z 
			 || test ! -s conftest.err
configure:5342: $? = 0
configure:5345: test -s conftest.o
configure:5348: $? = 0
configure:5364: result: int,fd_set *,struct timeval *
configure:5391: checking for strftime
configure:5448: cc -o conftest -O2 -pipe -fno-strict-aliasing -Wall   conftest.c  >&5
conftest.c:77: warning: conflicting types for built-in function 'strftime'
configure:5454: $? = 0
configure:5458: test -z 
			 || test ! -s conftest.err
configure:5461: $? = 0
configure:5464: test -s conftest
configure:5467: $? = 0
configure:5479: result: yes
configure:5567: checking for vprintf
configure:5624: cc -o conftest -O2 -pipe -fno-strict-aliasing -Wall   conftest.c  >&5
conftest.c:78: warning: conflicting types for built-in function 'vprintf'
configure:5630: $? = 0
configure:5634: test -z 
			 || test ! -s conftest.err
configure:5637: $? = 0
configure:5640: test -s conftest
configure:5643: $? = 0
configure:5655: result: yes
configure:5662: checking for _doprnt
configure:5719: cc -o conftest -O2 -pipe -fno-strict-aliasing -Wall   conftest.c  >&5
/var/tmp//ccexW61F.o(.text+0x17): In function `main':
: undefined reference to `_doprnt'
/var/tmp//ccexW61F.o(.data+0x0): undefined reference to `_doprnt'
configure:5725: $? = 1
configure: failed program was:
| /* confdefs.h.  */
| 
| #define PACKAGE_NAME "autossh"
| #define PACKAGE_TARNAME "autossh"
| #define PACKAGE_VERSION "1.4"
| #define PACKAGE_STRING "autossh 1.4"
| #define PACKAGE_BUGREPORT "Carson Harding <harding@motd.ca>"
| #define PATH_SSH "/usr/bin/ssh"
| #define STDC_HEADERS 1
| #define HAVE_SYS_WAIT_H 1
| #define HAVE_SYS_TYPES_H 1
| #define HAVE_SYS_STAT_H 1
| #define HAVE_STDLIB_H 1
| #define HAVE_STRING_H 1
| #define HAVE_MEMORY_H 1
| #define HAVE_STRINGS_H 1
| #define HAVE_INTTYPES_H 1
| #define HAVE_STDINT_H 1
| #define HAVE_UNISTD_H 1
| #define HAVE_ARPA_INET_H 1
| #define HAVE_FCNTL_H 1
| #define HAVE_LIMITS_H 1
| #define HAVE_NETDB_H 1
| #define HAVE_NETINET_IN_H 1
| #define HAVE_PATHS_H 1
| #define HAVE_STDLIB_H 1
| #define HAVE_STRING_H 1
| #define HAVE_SYS_SOCKET_H 1
| #define HAVE_SYS_TIME_H 1
| #define HAVE_SYSLOG_H 1
| #define HAVE_UNISTD_H 1
| #define TIME_WITH_SYS_TIME 1
| #define HAVE_SOCKLEN_T 1
| #define HAVE_ADDRINFO 1
| #define HAVE_U_INT16_T 1
| #define HAVE_UINT16_T 1
| #define HAVE_LOG_PERROR 1
| #define HAVE_UNISTD_H 1
| #define HAVE_FORK 1
| #define HAVE_VFORK 1
| #define HAVE_WORKING_VFORK 1
| #define HAVE_WORKING_FORK 1
| #define HAVE_STDLIB_H 1
| #define HAVE_MALLOC 1
| #define HAVE_STDLIB_H 1
| #define HAVE_REALLOC 1
| #define HAVE_SYS_SELECT_H 1
| #define HAVE_SYS_SOCKET_H 1
| #define SELECT_TYPE_ARG1 int
| #define SELECT_TYPE_ARG234 (fd_set *)
| #define SELECT_TYPE_ARG5 (struct timeval *)
| #define HAVE_STRFTIME 1
| #define HAVE_VPRINTF 1
| /* end confdefs.h.  */
| /* Define _doprnt to an innocuous variant, in case <limits.h> declares _doprnt.
|    For example, HP-UX 11i <limits.h> declares gettimeofday.  */
| #define _doprnt innocuous__doprnt
| 
| /* System header to define __stub macros and hopefully few prototypes,
|     which can conflict with char _doprnt (); below.
|     Prefer <limits.h> to <assert.h> if __STDC__ is defined, since
|     <limits.h> exists even on freestanding compilers.  */
| 
| #ifdef __STDC__
| # include <limits.h>
| #else
| # include <assert.h>
| #endif
| 
| #undef _doprnt
| 
| /* Override any gcc2 internal prototype to avoid an error.  */
| #ifdef __cplusplus
| extern "C"
| {
| #endif
| /* We use char because int might match the return type of a gcc2
|    builtin and then its argument prototype would still apply.  */
| char _doprnt ();
| /* The GNU C library defines this for functions which it implements
|     to always fail with ENOSYS.  Some functions are actually named
|     something starting with __ and the normal name is an alias.  */
| #if defined (__stub__doprnt) || defined (__stub____doprnt)
| choke me
| #else
| char (*f) () = _doprnt;
| #endif
| #ifdef __cplusplus
| }
| #endif
| 
| int
| main ()
| {
| return f != _doprnt;
|   ;
|   return 0;
| }
configure:5750: result: no
configure:5773: checking for alarm
configure:5830: cc -o conftest -O2 -pipe -fno-strict-aliasing -Wall   conftest.c  >&5
configure:5836: $? = 0
configure:5840: test -z 
			 || test ! -s conftest.err
configure:5843: $? = 0
configure:5846: test -s conftest
configure:5849: $? = 0
configure:5861: result: yes
configure:5773: checking for daemon
configure:5830: cc -o conftest -O2 -pipe -fno-strict-aliasing -Wall   conftest.c  >&5
configure:5836: $? = 0
configure:5840: test -z 
			 || test ! -s conftest.err
configure:5843: $? = 0
configure:5846: test -s conftest
configure:5849: $? = 0
configure:5861: result: yes
configure:5773: checking for dup2
configure:5830: cc -o conftest -O2 -pipe -fno-strict-aliasing -Wall   conftest.c  >&5
configure:5836: $? = 0
configure:5840: test -z 
			 || test ! -s conftest.err
configure:5843: $? = 0
configure:5846: test -s conftest
configure:5849: $? = 0
configure:5861: result: yes
configure:5773: checking for gethostbyname
configure:5830: cc -o conftest -O2 -pipe -fno-strict-aliasing -Wall   conftest.c  >&5
configure:5836: $? = 0
configure:5840: test -z 
			 || test ! -s conftest.err
configure:5843: $? = 0
configure:5846: test -s conftest
configure:5849: $? = 0
configure:5861: result: yes
configure:5773: checking for gettimeofday
configure:5830: cc -o conftest -O2 -pipe -fno-strict-aliasing -Wall   conftest.c  >&5
configure:5836: $? = 0
configure:5840: test -z 
			 || test ! -s conftest.err
configure:5843: $? = 0
configure:5846: test -s conftest
configure:5849: $? = 0
configure:5861: result: yes
configure:5773: checking for memmove
configure:5830: cc -o conftest -O2 -pipe -fno-strict-aliasing -Wall   conftest.c  >&5
conftest.c:84: warning: conflicting types for built-in function 'memmove'
configure:5836: $? = 0
configure:5840: test -z 
			 || test ! -s conftest.err
configure:5843: $? = 0
configure:5846: test -s conftest
configure:5849: $? = 0
configure:5861: result: yes
configure:5881: checking for memset
configure:5938: cc -o conftest -O2 -pipe -fno-strict-aliasing -Wall   conftest.c  >&5
conftest.c:85: warning: conflicting types for built-in function 'memset'
configure:5944: $? = 0
configure:5948: test -z 
			 || test ! -s conftest.err
configure:5951: $? = 0
configure:5954: test -s conftest
configure:5957: $? = 0
configure:5969: result: yes
configure:5881: checking for poll
configure:5938: cc -o conftest -O2 -pipe -fno-strict-aliasing -Wall   conftest.c  >&5
configure:5944: $? = 0
configure:5948: test -z 
			 || test ! -s conftest.err
configure:5951: $? = 0
configure:5954: test -s conftest
configure:5957: $? = 0
configure:5969: result: yes
configure:5881: checking for select
configure:5938: cc -o conftest -O2 -pipe -fno-strict-aliasing -Wall   conftest.c  >&5
configure:5944: $? = 0
configure:5948: test -z 
			 || test ! -s conftest.err
configure:5951: $? = 0
configure:5954: test -s conftest
configure:5957: $? = 0
configure:5969: result: yes
configure:5881: checking for setproctitle
configure:5938: cc -o conftest -O2 -pipe -fno-strict-aliasing -Wall   conftest.c  >&5
configure:5944: $? = 0
configure:5948: test -z 
			 || test ! -s conftest.err
configure:5951: $? = 0
configure:5954: test -s conftest
configure:5957: $? = 0
configure:5969: result: yes
configure:5881: checking for socket
configure:5938: cc -o conftest -O2 -pipe -fno-strict-aliasing -Wall   conftest.c  >&5
configure:5944: $? = 0
configure:5948: test -z 
			 || test ! -s conftest.err
configure:5951: $? = 0
configure:5954: test -s conftest
configure:5957: $? = 0
configure:5969: result: yes
configure:5881: checking for strchr
configure:5938: cc -o conftest -O2 -pipe -fno-strict-aliasing -Wall   conftest.c  >&5
conftest.c:90: warning: conflicting types for built-in function 'strchr'
configure:5944: $? = 0
configure:5948: test -z 
			 || test ! -s conftest.err
configure:5951: $? = 0
configure:5954: test -s conftest
configure:5957: $? = 0
configure:5969: result: yes
configure:5881: checking for strerror
configure:5938: cc -o conftest -O2 -pipe -fno-strict-aliasing -Wall   conftest.c  >&5
configure:5944: $? = 0
configure:5948: test -z 
			 || test ! -s conftest.err
configure:5951: $? = 0
configure:5954: test -s conftest
configure:5957: $? = 0
configure:5969: result: yes
configure:5986: checking for strncasecmp
configure:6043: cc -o conftest -O2 -pipe -fno-strict-aliasing -Wall   conftest.c  >&5
conftest.c:92: warning: conflicting types for built-in function 'strncasecmp'
configure:6049: $? = 0
configure:6053: test -z 
			 || test ! -s conftest.err
configure:6056: $? = 0
configure:6059: test -s conftest
configure:6062: $? = 0
configure:6074: result: yes
configure:5986: checking for strtoul
configure:6043: cc -o conftest -O2 -pipe -fno-strict-aliasing -Wall   conftest.c  >&5
configure:6049: $? = 0
configure:6053: test -z 
			 || test ! -s conftest.err
configure:6056: $? = 0
configure:6059: test -s conftest
configure:6062: $? = 0
configure:6074: result: yes
configure:5986: checking for uname
configure:6043: cc -o conftest -O2 -pipe -fno-strict-aliasing -Wall   conftest.c  >&5
configure:6049: $? = 0
configure:6053: test -z 
			 || test ! -s conftest.err
configure:6056: $? = 0
configure:6059: test -s conftest
configure:6062: $? = 0
configure:6074: result: yes
configure:5986: checking for vsyslog
configure:6043: cc -o conftest -O2 -pipe -fno-strict-aliasing -Wall   conftest.c  >&5
configure:6049: $? = 0
configure:6053: test -z 
			 || test ! -s conftest.err
configure:6056: $? = 0
configure:6059: test -s conftest
configure:6062: $? = 0
configure:6074: result: yes
configure:6086: checking for gethostbyname in -lnsl
configure:6116: cc -o conftest -O2 -pipe -fno-strict-aliasing -Wall   conftest.c -lnsl   >&5
/usr/bin/ld: cannot find -lnsl
configure:6122: $? = 1
configure: failed program was:
| /* confdefs.h.  */
| 
| #define PACKAGE_NAME "autossh"
| #define PACKAGE_TARNAME "autossh"
| #define PACKAGE_VERSION "1.4"
| #define PACKAGE_STRING "autossh 1.4"
| #define PACKAGE_BUGREPORT "Carson Harding <harding@motd.ca>"
| #define PATH_SSH "/usr/bin/ssh"
| #define STDC_HEADERS 1
| #define HAVE_SYS_WAIT_H 1
| #define HAVE_SYS_TYPES_H 1
| #define HAVE_SYS_STAT_H 1
| #define HAVE_STDLIB_H 1
| #define HAVE_STRING_H 1
| #define HAVE_MEMORY_H 1
| #define HAVE_STRINGS_H 1
| #define HAVE_INTTYPES_H 1
| #define HAVE_STDINT_H 1
| #define HAVE_UNISTD_H 1
| #define HAVE_ARPA_INET_H 1
| #define HAVE_FCNTL_H 1
| #define HAVE_LIMITS_H 1
| #define HAVE_NETDB_H 1
| #define HAVE_NETINET_IN_H 1
| #define HAVE_PATHS_H 1
| #define HAVE_STDLIB_H 1
| #define HAVE_STRING_H 1
| #define HAVE_SYS_SOCKET_H 1
| #define HAVE_SYS_TIME_H 1
| #define HAVE_SYSLOG_H 1
| #define HAVE_UNISTD_H 1
| #define TIME_WITH_SYS_TIME 1
| #define HAVE_SOCKLEN_T 1
| #define HAVE_ADDRINFO 1
| #define HAVE_U_INT16_T 1
| #define HAVE_UINT16_T 1
| #define HAVE_LOG_PERROR 1
| #define HAVE_UNISTD_H 1
| #define HAVE_FORK 1
| #define HAVE_VFORK 1
| #define HAVE_WORKING_VFORK 1
| #define HAVE_WORKING_FORK 1
| #define HAVE_STDLIB_H 1
| #define HAVE_MALLOC 1
| #define HAVE_STDLIB_H 1
| #define HAVE_REALLOC 1
| #define HAVE_SYS_SELECT_H 1
| #define HAVE_SYS_SOCKET_H 1
| #define SELECT_TYPE_ARG1 int
| #define SELECT_TYPE_ARG234 (fd_set *)
| #define SELECT_TYPE_ARG5 (struct timeval *)
| #define HAVE_STRFTIME 1
| #define HAVE_VPRINTF 1
| #define HAVE_ALARM 1
| #define HAVE_DAEMON 1
| #define HAVE_DUP2 1
| #define HAVE_GETHOSTBYNAME 1
| #define HAVE_GETTIMEOFDAY 1
| #define HAVE_MEMMOVE 1
| #define HAVE_MEMSET 1
| #define HAVE_POLL 1
| #define HAVE_SELECT 1
| #define HAVE_SETPROCTITLE 1
| #define HAVE_SOCKET 1
| #define HAVE_STRCHR 1
| #define HAVE_STRERROR 1
| #define HAVE_STRNCASECMP 1
| #define HAVE_STRTOUL 1
| #define HAVE_UNAME 1
| #define HAVE_VSYSLOG 1
| /* end confdefs.h.  */
| 
| /* Override any gcc2 internal prototype to avoid an error.  */
| #ifdef __cplusplus
| extern "C"
| #endif
| /* We use char because int might match the return type of a gcc2
|    builtin and then its argument prototype would still apply.  */
| char gethostbyname ();
| int
| main ()
| {
| gethostbyname ();
|   ;
|   return 0;
| }
configure:6148: result: no
configure:6160: checking for connect in -lsocket
configure:6190: cc -o conftest -O2 -pipe -fno-strict-aliasing -Wall   conftest.c -lsocket   >&5
/usr/bin/ld: cannot find -lsocket
configure:6196: $? = 1
configure: failed program was:
| /* confdefs.h.  */
| 
| #define PACKAGE_NAME "autossh"
| #define PACKAGE_TARNAME "autossh"
| #define PACKAGE_VERSION "1.4"
| #define PACKAGE_STRING "autossh 1.4"
| #define PACKAGE_BUGREPORT "Carson Harding <harding@motd.ca>"
| #define PATH_SSH "/usr/bin/ssh"
| #define STDC_HEADERS 1
| #define HAVE_SYS_WAIT_H 1
| #define HAVE_SYS_TYPES_H 1
| #define HAVE_SYS_STAT_H 1
| #define HAVE_STDLIB_H 1
| #define HAVE_STRING_H 1
| #define HAVE_MEMORY_H 1
| #define HAVE_STRINGS_H 1
| #define HAVE_INTTYPES_H 1
| #define HAVE_STDINT_H 1
| #define HAVE_UNISTD_H 1
| #define HAVE_ARPA_INET_H 1
| #define HAVE_FCNTL_H 1
| #define HAVE_LIMITS_H 1
| #define HAVE_NETDB_H 1
| #define HAVE_NETINET_IN_H 1
| #define HAVE_PATHS_H 1
| #define HAVE_STDLIB_H 1
| #define HAVE_STRING_H 1
| #define HAVE_SYS_SOCKET_H 1
| #define HAVE_SYS_TIME_H 1
| #define HAVE_SYSLOG_H 1
| #define HAVE_UNISTD_H 1
| #define TIME_WITH_SYS_TIME 1
| #define HAVE_SOCKLEN_T 1
| #define HAVE_ADDRINFO 1
| #define HAVE_U_INT16_T 1
| #define HAVE_UINT16_T 1
| #define HAVE_LOG_PERROR 1
| #define HAVE_UNISTD_H 1
| #define HAVE_FORK 1
| #define HAVE_VFORK 1
| #define HAVE_WORKING_VFORK 1
| #define HAVE_WORKING_FORK 1
| #define HAVE_STDLIB_H 1
| #define HAVE_MALLOC 1
| #define HAVE_STDLIB_H 1
| #define HAVE_REALLOC 1
| #define HAVE_SYS_SELECT_H 1
| #define HAVE_SYS_SOCKET_H 1
| #define SELECT_TYPE_ARG1 int
| #define SELECT_TYPE_ARG234 (fd_set *)
| #define SELECT_TYPE_ARG5 (struct timeval *)
| #define HAVE_STRFTIME 1
| #define HAVE_VPRINTF 1
| #define HAVE_ALARM 1
| #define HAVE_DAEMON 1
| #define HAVE_DUP2 1
| #define HAVE_GETHOSTBYNAME 1
| #define HAVE_GETTIMEOFDAY 1
| #define HAVE_MEMMOVE 1
| #define HAVE_MEMSET 1
| #define HAVE_POLL 1
| #define HAVE_SELECT 1
| #define HAVE_SETPROCTITLE 1
| #define HAVE_SOCKET 1
| #define HAVE_STRCHR 1
| #define HAVE_STRERROR 1
| #define HAVE_STRNCASECMP 1
| #define HAVE_STRTOUL 1
| #define HAVE_UNAME 1
| #define HAVE_VSYSLOG 1
| /* end confdefs.h.  */
| 
| /* Override any gcc2 internal prototype to avoid an error.  */
| #ifdef __cplusplus
| extern "C"
| #endif
| /* We use char because int might match the return type of a gcc2
|    builtin and then its argument prototype would still apply.  */
| char connect ();
| int
| main ()
| {
| connect ();
|   ;
|   return 0;
| }
configure:6222: result: no
configure:6235: checking whether __progname is declared
configure:6259: cc -c -O2 -pipe -fno-strict-aliasing -Wall  conftest.c >&5
conftest.c: In function 'main':
conftest.c:110: error: '__progname' undeclared (first use in this function)
conftest.c:110: error: (Each undeclared identifier is reported only once
conftest.c:110: error: for each function it appears in.)
conftest.c:110: warning: unused variable 'p'
configure:6265: $? = 1
configure: failed program was:
| /* confdefs.h.  */
| 
| #define PACKAGE_NAME "autossh"
| #define PACKAGE_TARNAME "autossh"
| #define PACKAGE_VERSION "1.4"
| #define PACKAGE_STRING "autossh 1.4"
| #define PACKAGE_BUGREPORT "Carson Harding <harding@motd.ca>"
| #define PATH_SSH "/usr/bin/ssh"
| #define STDC_HEADERS 1
| #define HAVE_SYS_WAIT_H 1
| #define HAVE_SYS_TYPES_H 1
| #define HAVE_SYS_STAT_H 1
| #define HAVE_STDLIB_H 1
| #define HAVE_STRING_H 1
| #define HAVE_MEMORY_H 1
| #define HAVE_STRINGS_H 1
| #define HAVE_INTTYPES_H 1
| #define HAVE_STDINT_H 1
| #define HAVE_UNISTD_H 1
| #define HAVE_ARPA_INET_H 1
| #define HAVE_FCNTL_H 1
| #define HAVE_LIMITS_H 1
| #define HAVE_NETDB_H 1
| #define HAVE_NETINET_IN_H 1
| #define HAVE_PATHS_H 1
| #define HAVE_STDLIB_H 1
| #define HAVE_STRING_H 1
| #define HAVE_SYS_SOCKET_H 1
| #define HAVE_SYS_TIME_H 1
| #define HAVE_SYSLOG_H 1
| #define HAVE_UNISTD_H 1
| #define TIME_WITH_SYS_TIME 1
| #define HAVE_SOCKLEN_T 1
| #define HAVE_ADDRINFO 1
| #define HAVE_U_INT16_T 1
| #define HAVE_UINT16_T 1
| #define HAVE_LOG_PERROR 1
| #define HAVE_UNISTD_H 1
| #define HAVE_FORK 1
| #define HAVE_VFORK 1
| #define HAVE_WORKING_VFORK 1
| #define HAVE_WORKING_FORK 1
| #define HAVE_STDLIB_H 1
| #define HAVE_MALLOC 1
| #define HAVE_STDLIB_H 1
| #define HAVE_REALLOC 1
| #define HAVE_SYS_SELECT_H 1
| #define HAVE_SYS_SOCKET_H 1
| #define SELECT_TYPE_ARG1 int
| #define SELECT_TYPE_ARG234 (fd_set *)
| #define SELECT_TYPE_ARG5 (struct timeval *)
| #define HAVE_STRFTIME 1
| #define HAVE_VPRINTF 1
| #define HAVE_ALARM 1
| #define HAVE_DAEMON 1
| #define HAVE_DUP2 1
| #define HAVE_GETHOSTBYNAME 1
| #define HAVE_GETTIMEOFDAY 1
| #define HAVE_MEMMOVE 1
| #define HAVE_MEMSET 1
| #define HAVE_POLL 1
| #define HAVE_SELECT 1
| #define HAVE_SETPROCTITLE 1
| #define HAVE_SOCKET 1
| #define HAVE_STRCHR 1
| #define HAVE_STRERROR 1
| #define HAVE_STRNCASECMP 1
| #define HAVE_STRTOUL 1
| #define HAVE_UNAME 1
| #define HAVE_VSYSLOG 1
| /* end confdefs.h.  */
| #include <stdio.h>
| #if HAVE_SYS_TYPES_H
| # include <sys/types.h>
| #endif
| #if HAVE_SYS_STAT_H
| # include <sys/stat.h>
| #endif
| #if STDC_HEADERS
| # include <stdlib.h>
| # include <stddef.h>
| #else
| # if HAVE_STDLIB_H
| #  include <stdlib.h>
| # endif
| #endif
| #if HAVE_STRING_H
| # if !STDC_HEADERS && HAVE_MEMORY_H
| #  include <memory.h>
| # endif
| # include <string.h>
| #endif
| #if HAVE_STRINGS_H
| # include <strings.h>
| #endif
| #if HAVE_INTTYPES_H
| # include <inttypes.h>
| #else
| # if HAVE_STDINT_H
| #  include <stdint.h>
| # endif
| #endif
| #if HAVE_UNISTD_H
| # include <unistd.h>
| #endif
| int
| main ()
| {
| #ifndef __progname
|   char *p = (char *) __progname;
| #endif
| 
|   ;
|   return 0;
| }
configure:6289: result: no
configure:6395: creating ./config.status

## ---------------------- ##
## Running config.status. ##
## ---------------------- ##

This file was extended by autossh config.status 1.4, which was
generated by GNU Autoconf 2.59.  Invocation command line was

  CONFIG_FILES    = 
  CONFIG_HEADERS  = 
  CONFIG_LINKS    = 
  CONFIG_COMMANDS = 
  $ ./config.status 

on terran.dlink.ua

config.status:643: creating Makefile
config.status:746: creating config.h

## ---------------- ##
## Cache variables. ##
## ---------------- ##

ac_cv_c_compiler_gnu=yes
ac_cv_c_const=yes
ac_cv_c_inline=inline
ac_cv_c_volatile=yes
ac_cv_env_CC_set=set
ac_cv_env_CC_value=cc
ac_cv_env_CFLAGS_set=set
ac_cv_env_CFLAGS_value='-O2 -pipe -fno-strict-aliasing'
ac_cv_env_CPPFLAGS_set=''
ac_cv_env_CPPFLAGS_value=''
ac_cv_env_CPP_set=set
ac_cv_env_CPP_value=cpp
ac_cv_env_LDFLAGS_set=''
ac_cv_env_LDFLAGS_value=''
ac_cv_env_build_alias_set=set
ac_cv_env_build_alias_value=i386-portbld-freebsd8.0
ac_cv_env_host_alias_set=''
ac_cv_env_host_alias_value=''
ac_cv_env_target_alias_set=''
ac_cv_env_target_alias_value=''
ac_cv_exeext=''
ac_cv_func__doprnt=no
ac_cv_func_alarm=yes
ac_cv_func_daemon=yes
ac_cv_func_dup2=yes
ac_cv_func_fork=yes
ac_cv_func_fork_works=yes
ac_cv_func_gethostbyname=yes
ac_cv_func_gettimeofday=yes
ac_cv_func_malloc_0_nonnull=yes
ac_cv_func_memmove=yes
ac_cv_func_memset=yes
ac_cv_func_poll=yes
ac_cv_func_realloc_0_nonnull=yes
ac_cv_func_select=yes
ac_cv_func_select_args='int,fd_set *,struct timeval *'
ac_cv_func_setproctitle=yes
ac_cv_func_socket=yes
ac_cv_func_strchr=yes
ac_cv_func_strerror=yes
ac_cv_func_strftime=yes
ac_cv_func_strncasecmp=yes
ac_cv_func_strtoul=yes
ac_cv_func_uname=yes
ac_cv_func_vfork=yes
ac_cv_func_vfork_works=yes
ac_cv_func_vprintf=yes
ac_cv_func_vsyslog=yes
ac_cv_have_decl_LOG_PERROR=yes
ac_cv_have_decl___progname=no
ac_cv_header_arpa_inet_h=yes
ac_cv_header_fcntl_h=yes
ac_cv_header_inttypes_h=yes
ac_cv_header_limits_h=yes
ac_cv_header_memory_h=yes
ac_cv_header_netdb_h=yes
ac_cv_header_netinet_in_h=yes
ac_cv_header_paths_h=yes
ac_cv_header_stdc=yes
ac_cv_header_stdint_h=yes
ac_cv_header_stdlib_h=yes
ac_cv_header_string_h=yes
ac_cv_header_strings_h=yes
ac_cv_header_sys_select_h=yes
ac_cv_header_sys_socket_h=yes
ac_cv_header_sys_stat_h=yes
ac_cv_header_sys_time_h=yes
ac_cv_header_sys_types_h=yes
ac_cv_header_sys_wait_h=yes
ac_cv_header_syslog_h=yes
ac_cv_header_time=yes
ac_cv_header_unistd_h=yes
ac_cv_header_vfork_h=no
ac_cv_lib_nsl_gethostbyname=no
ac_cv_lib_socket_connect=no
ac_cv_objext=o
ac_cv_path_ssh=/usr/bin/ssh
ac_cv_prog_CPP=cpp
ac_cv_prog_ac_ct_CC=cc
ac_cv_prog_cc_g=yes
ac_cv_prog_cc_stdc=''
ac_cv_prog_egrep='grep -E'
ac_cv_struct_tm=time.h
ac_cv_type_pid_t=yes
ac_cv_type_size_t=yes
ac_cv_type_socklen_t=yes
ac_cv_type_struct_addrinfo=yes
ac_cv_type_u_int16_t=yes
ac_cv_type_uint16_t=yes
lt_cv_sys_max_cmd_len=262144

## ----------------- ##
## Output variables. ##
## ----------------- ##

CC='cc'
CFLAGS='-O2 -pipe -fno-strict-aliasing -Wall'
CPP='cpp'
CPPFLAGS=''
DEFS='-DHAVE_CONFIG_H'
ECHO_C=''
ECHO_N='-n'
ECHO_T=''
EGREP='grep -E'
EXEEXT=''
LDFLAGS=''
LIBOBJS=''
LIBS=''
LTLIBOBJS=''
OBJEXT='o'
PACKAGE_BUGREPORT='Carson Harding <harding@motd.ca>'
PACKAGE_NAME='autossh'
PACKAGE_STRING='autossh 1.4'
PACKAGE_TARNAME='autossh'
PACKAGE_VERSION='1.4'
PATH_SEPARATOR=':'
SHELL='/bin/sh'
ac_ct_CC='cc'
bindir='${exec_prefix}/bin'
build_alias='i386-portbld-freebsd8.0'
datadir='${prefix}/share'
exec_prefix='${prefix}'
host_alias=''
includedir='${prefix}/include'
infodir='/usr/local/info/'
libdir='${exec_prefix}/lib'
libexecdir='${exec_prefix}/libexec'
localstatedir='${prefix}/var'
mandir='/usr/local/man'
oldincludedir='/usr/include'
path_ssh='/usr/bin/ssh'
prefix='/usr/local'
program_transform_name='s,x,x,'
sbindir='${exec_prefix}/sbin'
sharedstatedir='${prefix}/com'
ssh='/usr/bin/ssh'
sysconfdir='${prefix}/etc'
target_alias=''

## ----------- ##
## confdefs.h. ##
## ----------- ##

#define HAVE_ADDRINFO 1
#define HAVE_ALARM 1
#define HAVE_ARPA_INET_H 1
#define HAVE_DAEMON 1
#define HAVE_DUP2 1
#define HAVE_FCNTL_H 1
#define HAVE_FORK 1
#define HAVE_GETHOSTBYNAME 1
#define HAVE_GETTIMEOFDAY 1
#define HAVE_INTTYPES_H 1
#define HAVE_LIMITS_H 1
#define HAVE_LOG_PERROR 1
#define HAVE_MALLOC 1
#define HAVE_MEMMOVE 1
#define HAVE_MEMORY_H 1
#define HAVE_MEMSET 1
#define HAVE_NETDB_H 1
#define HAVE_NETINET_IN_H 1
#define HAVE_PATHS_H 1
#define HAVE_POLL 1
#define HAVE_REALLOC 1
#define HAVE_SELECT 1
#define HAVE_SETPROCTITLE 1
#define HAVE_SOCKET 1
#define HAVE_SOCKLEN_T 1
#define HAVE_STDINT_H 1
#define HAVE_STDLIB_H 1
#define HAVE_STDLIB_H 1
#define HAVE_STDLIB_H 1
#define HAVE_STDLIB_H 1
#define HAVE_STRCHR 1
#define HAVE_STRERROR 1
#define HAVE_STRFTIME 1
#define HAVE_STRINGS_H 1
#define HAVE_STRING_H 1
#define HAVE_STRING_H 1
#define HAVE_STRNCASECMP 1
#define HAVE_STRTOUL 1
#define HAVE_SYSLOG_H 1
#define HAVE_SYS_SELECT_H 1
#define HAVE_SYS_SOCKET_H 1
#define HAVE_SYS_SOCKET_H 1
#define HAVE_SYS_STAT_H 1
#define HAVE_SYS_TIME_H 1
#define HAVE_SYS_TYPES_H 1
#define HAVE_SYS_WAIT_H 1
#define HAVE_UINT16_T 1
#define HAVE_UNAME 1
#define HAVE_UNISTD_H 1
#define HAVE_UNISTD_H 1
#define HAVE_UNISTD_H 1
#define HAVE_U_INT16_T 1
#define HAVE_VFORK 1
#define HAVE_VPRINTF 1
#define HAVE_VSYSLOG 1
#define HAVE_WORKING_FORK 1
#define HAVE_WORKING_VFORK 1
#define PACKAGE_BUGREPORT "Carson Harding <harding@motd.ca>"
#define PACKAGE_NAME "autossh"
#define PACKAGE_STRING "autossh 1.4"
#define PACKAGE_TARNAME "autossh"
#define PACKAGE_VERSION "1.4"
#define PATH_SSH "/usr/bin/ssh"
#define SELECT_TYPE_ARG1 int
#define SELECT_TYPE_ARG234 (fd_set *)
#define SELECT_TYPE_ARG5 (struct timeval *)
#define STDC_HEADERS 1
#define TIME_WITH_SYS_TIME 1

configure: exit 0
