This file contains any messages produced by compilers while
running configure, to aid debugging if configure makes a mistake.

configure:586: checking host system type
configure:607: checking target system type
configure:625: checking build system type
configure:653: checking for gcc
configure:766: checking whether the C compiler (cc -O2 -pipe -fno-strict-aliasing  -rpath=/usr/lib:/usr/local/lib) works
configure:782: cc -o conftest -O2 -pipe -fno-strict-aliasing   -rpath=/usr/lib:/usr/local/lib conftest.c  1>&5
configure:808: checking whether the C compiler (cc -O2 -pipe -fno-strict-aliasing  -rpath=/usr/lib:/usr/local/lib) is a cross-compiler
configure:813: checking whether we are using GNU C
configure:822: cc -E conftest.c
configure:841: checking whether cc accepts -g
configure:873: checking how to run the C preprocessor
configure:964: checking for a BSD compatible install
configure:1023: checking for mkdep
configure:1059: checking which program to make .depend
configure:1076: checking for getopt_long in -lgnugetopt
configure:1095: cc -o conftest -O2 -pipe -fno-strict-aliasing   -rpath=/usr/lib:/usr/local/lib conftest.c -lgnugetopt   1>&5
/usr/bin/ld: cannot find -lgnugetopt
configure: failed program was:
#line 1084 "configure"
#include "confdefs.h"
/* Override any gcc2 internal prototype to avoid an error.  */
/* We use char because int might match the return type of a gcc2
    builtin and then its argument prototype would still apply.  */
char getopt_long();

int main() {
getopt_long()
; return 0; }
configure:1123: checking for main in -lcrypto
configure:1138: cc -o conftest -O2 -pipe -fno-strict-aliasing   -rpath=/usr/lib:/usr/local/lib conftest.c -lcrypto   1>&5
configure:1167: checking Enable Debug
configure:1191: checking for ANSI C header files
configure:1204: cpp  conftest.c >/dev/null 2>conftest.out
configure:1271: cc -o conftest -g -Wall -DSPMD_DEBUG   -rpath=/usr/lib:/usr/local/lib conftest.c -lcrypto  1>&5
configure: In function 'main':
configure:1266: warning: implicit declaration of function 'exit'
configure:1266: warning: incompatible implicit declaration of built-in function 'exit'
configure:1295: checking for sys/wait.h that is POSIX.1 compatible
configure:1316: cc -c -g -Wall -DSPMD_DEBUG  conftest.c 1>&5
configure:1340: checking for fcntl.h
configure:1350: cpp  conftest.c >/dev/null 2>conftest.out
configure:1340: checking for sys/time.h
configure:1350: cpp  conftest.c >/dev/null 2>conftest.out
configure:1340: checking for syslog.h
configure:1350: cpp  conftest.c >/dev/null 2>conftest.out
configure:1340: checking for unistd.h
configure:1350: cpp  conftest.c >/dev/null 2>conftest.out
configure:1340: checking for stdarg.h
configure:1350: cpp  conftest.c >/dev/null 2>conftest.out
configure:1340: checking for getopt.h
configure:1350: cpp  conftest.c >/dev/null 2>conftest.out
configure:1340: checking for stdint.h
configure:1350: cpp  conftest.c >/dev/null 2>conftest.out
configure:1340: checking for inttypes.h
configure:1350: cpp  conftest.c >/dev/null 2>conftest.out
configure:1378: checking for working const
configure:1432: cc -c -g -Wall -DSPMD_DEBUG  conftest.c 1>&5
configure: In function 'main':
configure:1406: warning: unused variable 's'
configure:1426: warning: unused variable 'foo'
configure:1394: warning: unused variable 'zero'
configure:1388: warning: unused variable 'x'
configure:1453: checking for inline
configure:1467: cc -c -g -Wall -DSPMD_DEBUG  conftest.c 1>&5
configure: In function 'main':
configure:1463: warning: control reaches end of non-void function
configure: At top level:
configure:1463: warning: return type defaults to 'int'
configure:1493: checking for pid_t
configure:1526: checking for size_t
configure:1559: checking whether time.h and sys/time.h may both be included
configure:1573: cc -c -g -Wall -DSPMD_DEBUG  conftest.c 1>&5
configure: In function 'main':
configure:1569: warning: unused variable 'tp'
configure:1594: checking whether struct tm is in sys/time.h or time.h
configure:1607: cc -c -g -Wall -DSPMD_DEBUG  conftest.c 1>&5
configure: In function 'main':
configure:1603: warning: statement with no effect
configure:1629: checking size of long long
configure:1648: cc -o conftest -g -Wall -DSPMD_DEBUG   -rpath=/usr/lib:/usr/local/lib conftest.c -lcrypto  1>&5
configure:1640: warning: return type defaults to 'int'
configure: In function 'main':
configure:1642: warning: implicit declaration of function 'exit'
configure:1642: warning: incompatible implicit declaration of built-in function 'exit'
configure:1669: checking for 8-bit clean memcmp
configure:1687: cc -o conftest -g -Wall -DSPMD_DEBUG   -rpath=/usr/lib:/usr/local/lib conftest.c -lcrypto  1>&5
configure:1680: warning: return type defaults to 'int'
configure: In function 'main':
configure:1682: warning: implicit declaration of function 'exit'
configure:1682: warning: incompatible implicit declaration of built-in function 'exit'
configure:1682: warning: implicit declaration of function 'memcmp'
configure:1705: checking for strftime
configure:1733: cc -o conftest -g -Wall -DSPMD_DEBUG   -rpath=/usr/lib:/usr/local/lib conftest.c -lcrypto  1>&5
configure:1717: warning: conflicting types for built-in function 'strftime'
configure:1803: checking for gettimeofday
configure:1831: cc -o conftest -g -Wall -DSPMD_DEBUG   -rpath=/usr/lib:/usr/local/lib conftest.c -lcrypto  1>&5
configure:1803: checking for select
configure:1831: cc -o conftest -g -Wall -DSPMD_DEBUG   -rpath=/usr/lib:/usr/local/lib conftest.c -lcrypto  1>&5
configure:1803: checking for socket
configure:1831: cc -o conftest -g -Wall -DSPMD_DEBUG   -rpath=/usr/lib:/usr/local/lib conftest.c -lcrypto  1>&5
configure:1803: checking for strdup
configure:1831: cc -o conftest -g -Wall -DSPMD_DEBUG   -rpath=/usr/lib:/usr/local/lib conftest.c -lcrypto  1>&5
configure:1815: warning: conflicting types for built-in function 'strdup'
configure:1803: checking for strerror
configure:1831: cc -o conftest -g -Wall -DSPMD_DEBUG   -rpath=/usr/lib:/usr/local/lib conftest.c -lcrypto  1>&5
configure:1803: checking for uname
configure:1831: cc -o conftest -g -Wall -DSPMD_DEBUG   -rpath=/usr/lib:/usr/local/lib conftest.c -lcrypto  1>&5
configure:1803: checking for getopt_long
configure:1831: cc -o conftest -g -Wall -DSPMD_DEBUG   -rpath=/usr/lib:/usr/local/lib conftest.c -lcrypto  1>&5
configure:1803: checking for strlcpy
configure:1831: cc -o conftest -g -Wall -DSPMD_DEBUG   -rpath=/usr/lib:/usr/local/lib conftest.c -lcrypto  1>&5
configure:1803: checking for strlcat
configure:1831: cc -o conftest -g -Wall -DSPMD_DEBUG   -rpath=/usr/lib:/usr/local/lib conftest.c -lcrypto  1>&5
configure:1803: checking for atoll
configure:1831: cc -o conftest -g -Wall -DSPMD_DEBUG   -rpath=/usr/lib:/usr/local/lib conftest.c -lcrypto  1>&5
configure:1857: checking whether struct sockaddr has sa_len field
configure:1875: cc -o conftest -g -Wall -DSPMD_DEBUG   -rpath=/usr/lib:/usr/local/lib conftest.c -lcrypto  1>&5
configure: In function 'main':
configure:1870: warning: implicit declaration of function 'exit'
configure:1870: warning: incompatible implicit declaration of built-in function 'exit'
configure:1939: checking for libracoon
configure:1956: checking if --with-openssl-libdir option is specified
configure:2000: checking for openssl/evp.h
configure:2010: cpp  conftest.c >/dev/null 2>conftest.out
configure:2034: checking make
configure:2061: checking if --with-install-opts option is specified
configure:2080: checking for net/pfkeyv2.h
configure:2090: cpp  conftest.c >/dev/null 2>conftest.out
