This file contains any messages produced by compilers while
running configure, to aid debugging if configure makes a mistake.

It was created by configure, which was
generated by GNU Autoconf 2.61.  Invocation command line was

  $ ./configure --prefix=/usr/local --mandir=/usr/local/man --infodir=/usr/local/info/ --build=i386-portbld-freebsd8.0

## --------- ##
## Platform. ##
## --------- ##

hostname = terran.dlink.ua
uname -m = i386
uname -r = 8.0-RELEASE-p2
uname -s = FreeBSD
uname -v = FreeBSD 8.0-RELEASE-p2 #0: Tue Jan  5 16:02:27 UTC 2010     root@i386-builder.daemonology.net:/usr/obj/usr/src/sys/GENERIC 

/usr/bin/uname -p = i386
/bin/uname -X     = unknown

/bin/arch              = unknown
/usr/bin/arch -k       = unknown
/usr/convex/getsysinfo = unknown
/usr/bin/hostinfo      = unknown
/bin/machine           = unknown
/usr/bin/oslevel       = unknown
/bin/universe          = unknown

PATH: /sbin
PATH: /bin
PATH: /usr/sbin
PATH: /usr/bin
PATH: /usr/games
PATH: /usr/local/sbin
PATH: /usr/local/bin
PATH: /home/ray/bin


## ----------- ##
## Core tests. ##
## ----------- ##

configure:1965: checking for a BSD-compatible install
configure:2021: result: /usr/bin/install -c -o root -g wheel
configure:2032: checking whether build environment is sane
configure:2075: result: yes
configure:2140: checking for gawk
configure:2156: found /usr/local/bin/gawk
configure:2167: result: gawk
configure:2178: checking whether make sets $(MAKE)
configure:2199: result: yes
configure:2431: checking for gcc
configure:2458: result: cc
configure:2696: checking for C compiler version
configure:2703: cc --version >&5
cc (GCC) 4.2.1 20070719  [FreeBSD]
Copyright (C) 2007 Free Software Foundation, Inc.
This is free software; see the source for copying conditions.  There is NO
warranty; not even for MERCHANTABILITY or FITNESS FOR A PARTICULAR PURPOSE.

configure:2706: $? = 0
configure:2713: cc -v >&5
Using built-in specs.
Target: i386-undermydesk-freebsd
Configured with: FreeBSD/i386 system compiler
Thread model: posix
gcc version 4.2.1 20070719  [FreeBSD]
configure:2716: $? = 0
configure:2723: cc -V >&5
cc: '-V' option must have argument
configure:2726: $? = 1
configure:2749: checking for C compiler default output file name
configure:2776: cc -O2 -pipe -fno-strict-aliasing   conftest.c  >&5
configure:2779: $? = 0
configure:2817: result: a.out
configure:2834: checking whether the C compiler works
configure:2844: ./a.out
configure:2847: $? = 0
configure:2864: result: yes
configure:2871: checking whether we are cross compiling
configure:2873: result: no
configure:2876: checking for suffix of executables
configure:2883: cc -o conftest -O2 -pipe -fno-strict-aliasing   conftest.c  >&5
configure:2886: $? = 0
configure:2910: result: 
configure:2916: checking for suffix of object files
configure:2942: cc -c -O2 -pipe -fno-strict-aliasing  conftest.c >&5
configure:2945: $? = 0
configure:2968: result: o
configure:2972: checking whether we are using the GNU C compiler
configure:3001: cc -c -O2 -pipe -fno-strict-aliasing  conftest.c >&5
configure:3007: $? = 0
configure:3024: result: yes
configure:3029: checking whether cc accepts -g
configure:3059: cc -c -g  conftest.c >&5
configure:3065: $? = 0
configure:3164: result: yes
configure:3181: checking for cc option to accept ISO C89
configure:3255: cc  -c -O2 -pipe -fno-strict-aliasing  conftest.c >&5
configure:3261: $? = 0
configure:3284: result: none needed
configure:3313: checking for style of include used by make
configure:3341: result: GNU
configure:3369: checking dependency style of cc
configure:3459: result: gcc3
configure:3554: checking build system type
configure:3572: result: i386-portbld-freebsd8.0
configure:3594: checking host system type
configure:3609: result: i386-portbld-freebsd8.0
configure:3631: checking for a sed that does not truncate output
configure:3685: result: /usr/bin/sed
configure:3688: checking for grep that handles long lines and -e
configure:3762: result: /usr/bin/grep
configure:3767: checking for egrep
configure:3845: result: /usr/bin/grep -E
configure:3861: checking for ld used by cc
configure:3928: result: /usr/bin/ld
configure:3937: checking if the linker (/usr/bin/ld) is GNU ld
configure:3952: result: yes
configure:3957: checking for /usr/bin/ld option to reload object files
configure:3964: result: -r
configure:3982: checking for BSD-compatible nm
configure:4031: result: /usr/bin/nm -B
configure:4035: checking whether ln -s works
configure:4039: result: yes
configure:4046: checking how to recognise dependent libraries
configure:4222: result: pass_all
configure:4456: checking how to run the C preprocessor
configure:4572: result: cpp
configure:4601: cpp  conftest.c
configure:4607: $? = 0
configure:4638: cpp  conftest.c
conftest.c:10:28: error: ac_nonexistent.h: No such file or directory
configure:4644: $? = 1
configure: failed program was:
| /* confdefs.h.  */
| #define PACKAGE_NAME ""
| #define PACKAGE_TARNAME ""
| #define PACKAGE_VERSION ""
| #define PACKAGE_STRING ""
| #define PACKAGE_BUGREPORT ""
| #define PACKAGE "ser2net"
| #define VERSION "2.5"
| /* end confdefs.h.  */
| #include <ac_nonexistent.h>
configure:4682: checking for ANSI C header files
configure:4712: cc -c -O2 -pipe -fno-strict-aliasing  conftest.c >&5
configure:4718: $? = 0
configure:4817: cc -o conftest -O2 -pipe -fno-strict-aliasing   conftest.c  >&5
configure:4820: $? = 0
configure:4826: ./conftest
configure:4829: $? = 0
configure:4846: result: yes
configure:4870: checking for sys/types.h
configure:4891: cc -c -O2 -pipe -fno-strict-aliasing  conftest.c >&5
configure:4897: $? = 0
configure:4913: result: yes
configure:4870: checking for sys/stat.h
configure:4891: cc -c -O2 -pipe -fno-strict-aliasing  conftest.c >&5
configure:4897: $? = 0
configure:4913: result: yes
configure:4870: checking for stdlib.h
configure:4891: cc -c -O2 -pipe -fno-strict-aliasing  conftest.c >&5
configure:4897: $? = 0
configure:4913: result: yes
configure:4870: checking for string.h
configure:4891: cc -c -O2 -pipe -fno-strict-aliasing  conftest.c >&5
configure:4897: $? = 0
configure:4913: result: yes
configure:4870: checking for memory.h
configure:4891: cc -c -O2 -pipe -fno-strict-aliasing  conftest.c >&5
configure:4897: $? = 0
configure:4913: result: yes
configure:4870: checking for strings.h
configure:4891: cc -c -O2 -pipe -fno-strict-aliasing  conftest.c >&5
configure:4897: $? = 0
configure:4913: result: yes
configure:4870: checking for inttypes.h
configure:4891: cc -c -O2 -pipe -fno-strict-aliasing  conftest.c >&5
configure:4897: $? = 0
configure:4913: result: yes
configure:4870: checking for stdint.h
configure:4891: cc -c -O2 -pipe -fno-strict-aliasing  conftest.c >&5
configure:4897: $? = 0
configure:4913: result: yes
configure:4870: checking for unistd.h
configure:4891: cc -c -O2 -pipe -fno-strict-aliasing  conftest.c >&5
configure:4897: $? = 0
configure:4913: result: yes
configure:4940: checking dlfcn.h usability
configure:4957: cc -c -O2 -pipe -fno-strict-aliasing  conftest.c >&5
configure:4963: $? = 0
configure:4977: result: yes
configure:4981: checking dlfcn.h presence
configure:4996: cpp  conftest.c
configure:5002: $? = 0
configure:5016: result: yes
configure:5044: checking for dlfcn.h
configure:5052: result: yes
configure:5181: checking for C++ compiler version
configure:5188: c++ --version >&5
c++ (GCC) 4.2.1 20070719  [FreeBSD]
Copyright (C) 2007 Free Software Foundation, Inc.
This is free software; see the source for copying conditions.  There is NO
warranty; not even for MERCHANTABILITY or FITNESS FOR A PARTICULAR PURPOSE.

configure:5191: $? = 0
configure:5198: c++ -v >&5
Using built-in specs.
Target: i386-undermydesk-freebsd
Configured with: FreeBSD/i386 system compiler
Thread model: posix
gcc version 4.2.1 20070719  [FreeBSD]
configure:5201: $? = 0
configure:5208: c++ -V >&5
c++: '-V' option must have argument
configure:5211: $? = 1
configure:5214: checking whether we are using the GNU C++ compiler
configure:5243: c++ -c -O2 -pipe -fno-strict-aliasing  conftest.cpp >&5
configure:5249: $? = 0
configure:5266: result: yes
configure:5271: checking whether c++ accepts -g
configure:5301: c++ -c -g  conftest.cpp >&5
configure:5307: $? = 0
configure:5406: result: yes
configure:5431: checking dependency style of c++
configure:5521: result: gcc3
configure:5548: checking how to run the C++ preprocessor
configure:5584: c++ -E  conftest.cpp
configure:5590: $? = 0
configure:5621: c++ -E  conftest.cpp
conftest.cpp:21:28: error: ac_nonexistent.h: No such file or directory
configure:5627: $? = 1
configure: failed program was:
| /* confdefs.h.  */
| #define PACKAGE_NAME ""
| #define PACKAGE_TARNAME ""
| #define PACKAGE_VERSION ""
| #define PACKAGE_STRING ""
| #define PACKAGE_BUGREPORT ""
| #define PACKAGE "ser2net"
| #define VERSION "2.5"
| #define STDC_HEADERS 1
| #define HAVE_SYS_TYPES_H 1
| #define HAVE_SYS_STAT_H 1
| #define HAVE_STDLIB_H 1
| #define HAVE_STRING_H 1
| #define HAVE_MEMORY_H 1
| #define HAVE_STRINGS_H 1
| #define HAVE_INTTYPES_H 1
| #define HAVE_STDINT_H 1
| #define HAVE_UNISTD_H 1
| #define HAVE_DLFCN_H 1
| /* end confdefs.h.  */
| #include <ac_nonexistent.h>
configure:5660: result: c++ -E
configure:5689: c++ -E  conftest.cpp
configure:5695: $? = 0
configure:5726: c++ -E  conftest.cpp
conftest.cpp:21:28: error: ac_nonexistent.h: No such file or directory
configure:5732: $? = 1
configure: failed program was:
| /* confdefs.h.  */
| #define PACKAGE_NAME ""
| #define PACKAGE_TARNAME ""
| #define PACKAGE_VERSION ""
| #define PACKAGE_STRING ""
| #define PACKAGE_BUGREPORT ""
| #define PACKAGE "ser2net"
| #define VERSION "2.5"
| #define STDC_HEADERS 1
| #define HAVE_SYS_TYPES_H 1
| #define HAVE_SYS_STAT_H 1
| #define HAVE_STDLIB_H 1
| #define HAVE_STRING_H 1
| #define HAVE_MEMORY_H 1
| #define HAVE_STRINGS_H 1
| #define HAVE_INTTYPES_H 1
| #define HAVE_STDINT_H 1
| #define HAVE_UNISTD_H 1
| #define HAVE_DLFCN_H 1
| /* end confdefs.h.  */
| #include <ac_nonexistent.h>
configure:5825: checking for g77
configure:5855: result: no
configure:5825: checking for xlf
configure:5855: result: no
configure:5825: checking for f77
configure:5855: result: no
configure:5825: checking for frt
configure:5855: result: no
configure:5825: checking for pgf77
configure:5855: result: no
configure:5825: checking for cf77
configure:5855: result: no
configure:5825: checking for fort77
configure:5855: result: no
configure:5825: checking for fl32
configure:5855: result: no
configure:5825: checking for af77
configure:5855: result: no
configure:5825: checking for xlf90
configure:5855: result: no
configure:5825: checking for f90
configure:5855: result: no
configure:5825: checking for pgf90
configure:5855: result: no
configure:5825: checking for pghpf
configure:5855: result: no
configure:5825: checking for epcf90
configure:5855: result: no
configure:5825: checking for gfortran
configure:5855: result: no
configure:5825: checking for g95
configure:5855: result: no
configure:5825: checking for xlf95
configure:5855: result: no
configure:5825: checking for f95
configure:5855: result: no
configure:5825: checking for fort
configure:5855: result: no
configure:5825: checking for ifort
configure:5855: result: no
configure:5825: checking for ifc
configure:5855: result: no
configure:5825: checking for efc
configure:5855: result: no
configure:5825: checking for pgf95
configure:5855: result: no
configure:5825: checking for lf95
configure:5855: result: no
configure:5825: checking for ftn
configure:5855: result: no
configure:5882: checking for Fortran 77 compiler version
configure:5889:  --version >&5
--version: not found
configure:5892: $? = 127
configure:5899:  -v >&5
-v: not found
configure:5902: $? = 127
configure:5909:  -V >&5
-V: not found
configure:5912: $? = 127
configure:5920: checking whether we are using the GNU Fortran 77 compiler
configure:5939:  -c  conftest.F >&5
-c: not found
configure:5945: $? = 127
configure: failed program was:
|       program main
| #ifndef __GNUC__
|        choke me
| #endif
| 
|       end
configure:5962: result: no
configure:5968: checking whether  accepts -g
configure:5985:  -c -g conftest.f >&5
-c: not found
configure:5991: $? = 127
configure: failed program was:
|       program main
| 
|       end
configure:6007: result: no
configure:6037: checking the maximum length of command line arguments
configure:6146: result: 262144
configure:6157: checking command to parse /usr/bin/nm -B output from cc object
configure:6262: cc -c -O2 -pipe -fno-strict-aliasing  conftest.c >&5
configure:6265: $? = 0
configure:6269: /usr/bin/nm -B conftest.o \| sed -n -e 's/^.*[ 	]\([ABCDGIRSTW][ABCDGIRSTW]*\)[ 	][ 	]*\([_A-Za-z][_A-Za-z0-9]*\)$/\1 \2 \2/p' \> conftest.nm
configure:6272: $? = 0
configure:6324: cc -o conftest -O2 -pipe -fno-strict-aliasing   conftest.c conftstm.o >&5
configure:6327: $? = 0
configure:6365: result: ok
configure:6369: checking for objdir
configure:6384: result: .libs
configure:6476: checking for ar
configure:6492: found /usr/bin/ar
configure:6503: result: ar
configure:6572: checking for ranlib
configure:6588: found /usr/bin/ranlib
configure:6599: result: ranlib
configure:6668: checking for strip
configure:6684: found /usr/bin/strip
configure:6695: result: strip
configure:6981: checking if cc supports -fno-rtti -fno-exceptions
configure:6999: cc -c -O2 -pipe -fno-strict-aliasing  -fno-rtti -fno-exceptions conftest.c >&5
cc1: warning: command line option "-fno-rtti" is valid for C++/ObjC++ but not for C
configure:7003: $? = 0
configure:7016: result: no
configure:7031: checking for cc option to produce PIC
configure:7241: result: -fPIC
configure:7249: checking if cc PIC flag -fPIC works
configure:7267: cc -c -O2 -pipe -fno-strict-aliasing  -fPIC -DPIC conftest.c >&5
configure:7271: $? = 0
configure:7284: result: yes
configure:7312: checking if cc static flag -static works
configure:7340: result: yes
configure:7350: checking if cc supports -c -o file.o
configure:7371: cc -c -O2 -pipe -fno-strict-aliasing  -o out/conftest2.o conftest.c >&5
configure:7375: $? = 0
configure:7397: result: yes
configure:7423: checking whether the cc linker (/usr/bin/ld) supports shared libraries
configure:8378: result: yes
configure:8399: checking whether -lc should be explicitly linked in
configure:8404: cc -c -O2 -pipe -fno-strict-aliasing  conftest.c >&5
configure:8407: $? = 0
configure:8422: cc -shared conftest.o  -v -Wl,-soname -Wl,conftest -o conftest 2\>\&1 \| grep  -lc  \>/dev/null 2\>\&1
configure:8425: $? = 0
configure:8437: result: no
configure:8445: checking dynamic linker characteristics
configure:9021: result: freebsd8.0 ld.so
configure:9030: checking how to hardcode library paths into programs
configure:9055: result: immediate
configure:9069: checking whether stripping libraries is possible
configure:9074: result: yes
configure:9875: checking if libtool supports shared libraries
configure:9877: result: yes
configure:9880: checking whether to build shared libraries
configure:9901: result: yes
configure:9904: checking whether to build static libraries
configure:9908: result: yes
configure:10000: creating libtool
configure:10588: checking for ld used by c++
configure:10655: result: /usr/bin/ld
configure:10664: checking if the linker (/usr/bin/ld) is GNU ld
configure:10679: result: yes
configure:10730: checking whether the c++ linker (/usr/bin/ld) supports shared libraries
configure:11664: result: yes
configure:11682: c++ -c -O2 -pipe -fno-strict-aliasing  conftest.cpp >&5
configure:11685: $? = 0
configure:11804: checking for c++ option to produce PIC
configure:12078: result: -fPIC
configure:12086: checking if c++ PIC flag -fPIC works
configure:12104: c++ -c -O2 -pipe -fno-strict-aliasing  -fPIC -DPIC conftest.cpp >&5
configure:12108: $? = 0
configure:12121: result: yes
configure:12149: checking if c++ static flag -static works
configure:12177: result: yes
configure:12187: checking if c++ supports -c -o file.o
configure:12208: c++ -c -O2 -pipe -fno-strict-aliasing  -o out/conftest2.o conftest.cpp >&5
configure:12212: $? = 0
configure:12234: result: yes
configure:12260: checking whether the c++ linker (/usr/bin/ld) supports shared libraries
configure:12288: result: yes
configure:12355: checking dynamic linker characteristics
configure:12931: result: freebsd8.0 ld.so
configure:12940: checking how to hardcode library paths into programs
configure:12965: result: immediate
configure:19313: checking for ANSI C header files
configure:19477: result: yes
configure:19488: checking for main in -lnsl
configure:19517: cc -o conftest -O2 -pipe -fno-strict-aliasing   conftest.c -lnsl   >&5
/usr/bin/ld: cannot find -lnsl
configure:19523: $? = 1
configure: failed program was:
| /* confdefs.h.  */
| #define PACKAGE_NAME ""
| #define PACKAGE_TARNAME ""
| #define PACKAGE_VERSION ""
| #define PACKAGE_STRING ""
| #define PACKAGE_BUGREPORT ""
| #define PACKAGE "ser2net"
| #define VERSION "2.5"
| #define STDC_HEADERS 1
| #define HAVE_SYS_TYPES_H 1
| #define HAVE_SYS_STAT_H 1
| #define HAVE_STDLIB_H 1
| #define HAVE_STRING_H 1
| #define HAVE_MEMORY_H 1
| #define HAVE_STRINGS_H 1
| #define HAVE_INTTYPES_H 1
| #define HAVE_STDINT_H 1
| #define HAVE_UNISTD_H 1
| #define HAVE_DLFCN_H 1
| #define USE_UUCP_LOCKING 1
| #define STDC_HEADERS 1
| /* end confdefs.h.  */
| 
| 
| int
| main ()
| {
| return main ();
|   ;
|   return 0;
| }
configure:19541: result: no
configure:19705: creating ./config.status

## ---------------------- ##
## Running config.status. ##
## ---------------------- ##

This file was extended by config.status, which was
generated by GNU Autoconf 2.61.  Invocation command line was

  CONFIG_FILES    = 
  CONFIG_HEADERS  = 
  CONFIG_LINKS    = 
  CONFIG_COMMANDS = 
  $ ./config.status 

on terran.dlink.ua

config.status:642: creating Makefile
config.status:827: executing depfiles commands

## ---------------- ##
## Cache variables. ##
## ---------------- ##

ac_cv_build=i386-portbld-freebsd8.0
ac_cv_c_compiler_gnu=yes
ac_cv_cxx_compiler_gnu=yes
ac_cv_env_CCC_set=''
ac_cv_env_CCC_value=''
ac_cv_env_CC_set=set
ac_cv_env_CC_value=cc
ac_cv_env_CFLAGS_set=set
ac_cv_env_CFLAGS_value='-O2 -pipe -fno-strict-aliasing'
ac_cv_env_CPPFLAGS_set=''
ac_cv_env_CPPFLAGS_value=''
ac_cv_env_CPP_set=set
ac_cv_env_CPP_value=cpp
ac_cv_env_CXXCPP_set=''
ac_cv_env_CXXCPP_value=''
ac_cv_env_CXXFLAGS_set=set
ac_cv_env_CXXFLAGS_value='-O2 -pipe -fno-strict-aliasing'
ac_cv_env_CXX_set=set
ac_cv_env_CXX_value=c++
ac_cv_env_F77_set=''
ac_cv_env_F77_value=''
ac_cv_env_FFLAGS_set=''
ac_cv_env_FFLAGS_value=''
ac_cv_env_LDFLAGS_set=''
ac_cv_env_LDFLAGS_value=''
ac_cv_env_LIBS_set=''
ac_cv_env_LIBS_value=''
ac_cv_env_build_alias_set=set
ac_cv_env_build_alias_value=i386-portbld-freebsd8.0
ac_cv_env_host_alias_set=''
ac_cv_env_host_alias_value=''
ac_cv_env_target_alias_set=''
ac_cv_env_target_alias_value=''
ac_cv_f77_compiler_gnu=no
ac_cv_header_dlfcn_h=yes
ac_cv_header_inttypes_h=yes
ac_cv_header_memory_h=yes
ac_cv_header_stdc=yes
ac_cv_header_stdint_h=yes
ac_cv_header_stdlib_h=yes
ac_cv_header_string_h=yes
ac_cv_header_strings_h=yes
ac_cv_header_sys_stat_h=yes
ac_cv_header_sys_types_h=yes
ac_cv_header_unistd_h=yes
ac_cv_host=i386-portbld-freebsd8.0
ac_cv_lib_nsl_main=no
ac_cv_objext=o
ac_cv_path_EGREP='/usr/bin/grep -E'
ac_cv_path_GREP=/usr/bin/grep
ac_cv_prog_AWK=gawk
ac_cv_prog_CPP=cpp
ac_cv_prog_CXXCPP='c++ -E'
ac_cv_prog_ac_ct_AR=ar
ac_cv_prog_ac_ct_CC=cc
ac_cv_prog_ac_ct_RANLIB=ranlib
ac_cv_prog_ac_ct_STRIP=strip
ac_cv_prog_cc_c89=''
ac_cv_prog_cc_g=yes
ac_cv_prog_cxx_g=yes
ac_cv_prog_f77_g=no
ac_cv_prog_make_make_set=yes
am_cv_CC_dependencies_compiler_type=gcc3
am_cv_CXX_dependencies_compiler_type=gcc3
lt_cv_deplibs_check_method=pass_all
lt_cv_file_magic_cmd='$MAGIC_CMD'
lt_cv_file_magic_test_file=''
lt_cv_ld_reload_flag=-r
lt_cv_objdir=.libs
lt_cv_path_LD=/usr/bin/ld
lt_cv_path_LDCXX=/usr/bin/ld
lt_cv_path_NM='/usr/bin/nm -B'
lt_cv_path_SED=/usr/bin/sed
lt_cv_prog_compiler_c_o=yes
lt_cv_prog_compiler_c_o_CXX=yes
lt_cv_prog_compiler_rtti_exceptions=no
lt_cv_prog_gnu_ld=yes
lt_cv_prog_gnu_ldcxx=yes
lt_cv_sys_global_symbol_pipe='sed -n -e '\''s/^.*[ 	]\([ABCDGIRSTW][ABCDGIRSTW]*\)[ 	][ 	]*\([_A-Za-z][_A-Za-z0-9]*\)$/\1 \2 \2/p'\'
lt_cv_sys_global_symbol_to_c_name_address='sed -n -e '\''s/^: \([^ ]*\) $/  {\"\1\", (lt_ptr) 0},/p'\'' -e '\''s/^[BCDEGRST] \([^ ]*\) \([^ ]*\)$/  {"\2", (lt_ptr) \&\2},/p'\'
lt_cv_sys_global_symbol_to_cdecl='sed -n -e '\''s/^. .* \(.*\)$/extern int \1;/p'\'
lt_cv_sys_max_cmd_len=262144
lt_lt_cv_prog_compiler_c_o='"yes"'
lt_lt_cv_prog_compiler_c_o_CXX='"yes"'
lt_lt_cv_sys_global_symbol_pipe='"sed -n -e '\''s/^.*[ 	]\\([ABCDGIRSTW][ABCDGIRSTW]*\\)[ 	][ 	]*\\([_A-Za-z][_A-Za-z0-9]*\\)\$/\\1 \\2 \\2/p'\''"'
lt_lt_cv_sys_global_symbol_to_c_name_address='"sed -n -e '\''s/^: \\([^ ]*\\) \$/  {\\\"\\1\\\", (lt_ptr) 0},/p'\'' -e '\''s/^[BCDEGRST] \\([^ ]*\\) \\([^ ]*\\)\$/  {\"\\2\", (lt_ptr) \\&\\2},/p'\''"'
lt_lt_cv_sys_global_symbol_to_cdecl='"sed -n -e '\''s/^. .* \\(.*\\)\$/extern int \\1;/p'\''"'

## ----------------- ##
## Output variables. ##
## ----------------- ##

ACLOCAL='${SHELL} /usr/ports/comms/ser2net/work/ser2net-2.5/missing --run aclocal-1.9'
AMDEPBACKSLASH='\'
AMDEP_FALSE='#'
AMDEP_TRUE=''
AMTAR='${SHELL} /usr/ports/comms/ser2net/work/ser2net-2.5/missing --run tar'
AR='ar'
AUTOCONF='${SHELL} /usr/ports/comms/ser2net/work/ser2net-2.5/missing --run autoconf'
AUTOHEADER='${SHELL} /usr/ports/comms/ser2net/work/ser2net-2.5/missing --run autoheader'
AUTOMAKE='${SHELL} /usr/ports/comms/ser2net/work/ser2net-2.5/missing --run automake-1.9'
AWK='gawk'
CC='cc'
CCDEPMODE='depmode=gcc3'
CFLAGS='-O2 -pipe -fno-strict-aliasing'
CPP='cpp'
CPPFLAGS=''
CXX='c++'
CXXCPP='c++ -E'
CXXDEPMODE='depmode=gcc3'
CXXFLAGS='-O2 -pipe -fno-strict-aliasing'
CYGPATH_W='echo'
DEFS='-DPACKAGE_NAME=\"\" -DPACKAGE_TARNAME=\"\" -DPACKAGE_VERSION=\"\" -DPACKAGE_STRING=\"\" -DPACKAGE_BUGREPORT=\"\" -DPACKAGE=\"ser2net\" -DVERSION=\"2.5\" -DSTDC_HEADERS=1 -DHAVE_SYS_TYPES_H=1 -DHAVE_SYS_STAT_H=1 -DHAVE_STDLIB_H=1 -DHAVE_STRING_H=1 -DHAVE_MEMORY_H=1 -DHAVE_STRINGS_H=1 -DHAVE_INTTYPES_H=1 -DHAVE_STDINT_H=1 -DHAVE_UNISTD_H=1 -DHAVE_DLFCN_H=1 -DUSE_UUCP_LOCKING=1 -DSTDC_HEADERS=1'
DEPDIR='.deps'
ECHO='echo'
ECHO_C=''
ECHO_N='-n'
ECHO_T=''
EGREP='/usr/bin/grep -E'
EXEEXT=''
F77=''
FFLAGS=''
GREP='/usr/bin/grep'
INSTALL_DATA='install  -o root -g wheel -m 444'
INSTALL_PROGRAM='install  -s -o root -g wheel -m 555'
INSTALL_SCRIPT='install  -o root -g wheel -m 555'
INSTALL_STRIP_PROGRAM='${SHELL} $(install_sh) -c -s'
LDFLAGS=''
LIBOBJS=''
LIBS=''
LIBTOOL='$(SHELL) $(top_builddir)/libtool'
LN_S='ln -s'
LTLIBOBJS=''
MAKEINFO='${SHELL} /usr/ports/comms/ser2net/work/ser2net-2.5/missing --run makeinfo'
OBJEXT='o'
PACKAGE='ser2net'
PACKAGE_BUGREPORT=''
PACKAGE_NAME=''
PACKAGE_STRING=''
PACKAGE_TARNAME=''
PACKAGE_VERSION=''
PATH_SEPARATOR=':'
RANLIB='ranlib'
SET_MAKE=''
SHELL='/bin/sh'
STRIP='strip'
VERSION='2.5'
ac_ct_CC='cc'
ac_ct_CXX=''
ac_ct_F77=''
am__fastdepCC_FALSE='#'
am__fastdepCC_TRUE=''
am__fastdepCXX_FALSE='#'
am__fastdepCXX_TRUE=''
am__include='include'
am__leading_dot='.'
am__quote=''
am__tar='${AMTAR} chof - "$$tardir"'
am__untar='${AMTAR} xf -'
bindir='${exec_prefix}/bin'
build='i386-portbld-freebsd8.0'
build_alias='i386-portbld-freebsd8.0'
build_cpu='i386'
build_os='freebsd8.0'
build_vendor='portbld'
datadir='${datarootdir}'
datarootdir='${prefix}/share'
docdir='${datarootdir}/doc/${PACKAGE}'
dvidir='${docdir}'
exec_prefix='${prefix}'
host='i386-portbld-freebsd8.0'
host_alias=''
host_cpu='i386'
host_os='freebsd8.0'
host_vendor='portbld'
htmldir='${docdir}'
includedir='${prefix}/include'
infodir='/usr/local/info/'
install_sh='/usr/ports/comms/ser2net/work/ser2net-2.5/install-sh'
libdir='${exec_prefix}/lib'
libexecdir='${exec_prefix}/libexec'
localedir='${datarootdir}/locale'
localstatedir='${prefix}/var'
mandir='/usr/local/man'
mkdir_p='$(install_sh) -d'
oldincludedir='/usr/include'
pdfdir='${docdir}'
prefix='/usr/local'
program_transform_name='s,x,x,'
psdir='${docdir}'
sbindir='${exec_prefix}/sbin'
sharedstatedir='${prefix}/com'
sysconfdir='${prefix}/etc'
target_alias=''

## ----------- ##
## confdefs.h. ##
## ----------- ##

#define PACKAGE_NAME ""
#define PACKAGE_TARNAME ""
#define PACKAGE_VERSION ""
#define PACKAGE_STRING ""
#define PACKAGE_BUGREPORT ""
#define PACKAGE "ser2net"
#define VERSION "2.5"
#define STDC_HEADERS 1
#define HAVE_SYS_TYPES_H 1
#define HAVE_SYS_STAT_H 1
#define HAVE_STDLIB_H 1
#define HAVE_STRING_H 1
#define HAVE_MEMORY_H 1
#define HAVE_STRINGS_H 1
#define HAVE_INTTYPES_H 1
#define HAVE_STDINT_H 1
#define HAVE_UNISTD_H 1
#define HAVE_DLFCN_H 1
#define USE_UUCP_LOCKING 1
#define STDC_HEADERS 1

configure: exit 0
