This file contains any messages produced by compilers while
running configure, to aid debugging if configure makes a mistake.

configure:555: checking for gcc
configure:668: checking whether the C compiler (cc -O2 -pipe -fno-strict-aliasing  -rpath=/usr/lib:/usr/local/lib) works
configure:684: cc -o conftest -O2 -pipe -fno-strict-aliasing   -rpath=/usr/lib:/usr/local/lib conftest.c  1>&5
configure:710: checking whether the C compiler (cc -O2 -pipe -fno-strict-aliasing  -rpath=/usr/lib:/usr/local/lib) is a cross-compiler
configure:715: checking whether we are using GNU C
configure:724: cc -E conftest.c
configure:743: checking whether cc accepts -g
configure:775: checking how to run the C preprocessor
configure:857: checking for flex
configure:891: checking for yywrap in -lfl
configure:910: cc -o conftest -O2 -pipe -fno-strict-aliasing   -rpath=/usr/lib:/usr/local/lib conftest.c -lfl   1>&5
configure:937: checking for bison
configure:970: checking for ranlib
configure:1028: checking for a BSD compatible install
configure:1081: checking whether make sets ${MAKE}
configure:1114: checking for mkdep
configure:1150: checking which program to make .depend
configure:1168: checking host system type
configure:1194: checking for ar
configure:1235: checking if --with-kernel-build-dir option is specified
configure:1247: checking if ipv6 is available
configure:1286: cc -o conftest -O2 -pipe -fno-strict-aliasing   -rpath=/usr/lib:/usr/local/lib conftest.c  1>&5
configure: In function 'main':
configure:1277: warning: incompatible implicit declaration of built-in function 'exit'
configure:1308: checking if --enable-debug option is specified
configure:1323: checking --enable-pcap
configure:1342: checking if --disable-pedant option is specified
configure:1361: checking if --enable-secure option is specified
configure:1377: checking for ANSI C header files
configure:1390: cpp  conftest.c >/dev/null 2>conftest.out
configure:1457: cc -o conftest -O2 -pipe -fno-strict-aliasing   -rpath=/usr/lib:/usr/local/lib conftest.c  1>&5
configure: In function 'main':
configure:1452: warning: incompatible implicit declaration of built-in function 'exit'
configure:1481: checking for sys/wait.h that is POSIX.1 compatible
configure:1502: cc -c -O2 -pipe -fno-strict-aliasing  conftest.c 1>&5
configure:1526: checking for sys/time.h
configure:1536: cpp  conftest.c >/dev/null 2>conftest.out
configure:1526: checking for net/if_var.h
configure:1536: cpp  conftest.c >/dev/null 2>conftest.out
configure:1526: checking for net/ethernet.h
configure:1536: cpp  conftest.c >/dev/null 2>conftest.out
configure:1526: checking for limits.h
configure:1536: cpp  conftest.c >/dev/null 2>conftest.out
configure:1526: checking for unistd.h
configure:1536: cpp  conftest.c >/dev/null 2>conftest.out
configure:1526: checking for stdarg.h
configure:1536: cpp  conftest.c >/dev/null 2>conftest.out
configure:1526: checking for varargs.h
configure:1536: cpp  conftest.c >/dev/null 2>conftest.out
In file included from configure:1532:
/usr/include/varargs.h:34:2: error: #error "<varargs.h> is obsolete with this version of GCC."
/usr/include/varargs.h:35:2: error: #error "Change your code to use <stdarg.h> instead."
configure: failed program was:
#line 1531 "configure"
#include "confdefs.h"
#include <varargs.h>
configure:1526: checking for netinet6/ipsec.h
configure:1536: cpp  conftest.c >/dev/null 2>conftest.out
configure:1532:28: error: netinet6/ipsec.h: No such file or directory
configure: failed program was:
#line 1531 "configure"
#include "confdefs.h"
#include <netinet6/ipsec.h>
configure:1526: checking for netipsec/ipsec.h
configure:1536: cpp  conftest.c >/dev/null 2>conftest.out
configure:1568: checking for net/pfkeyv2.h
configure:1578: cpp  conftest.c >/dev/null 2>conftest.out
configure:1623: checking if --enable-natt option is specified
configure:1632: checking if NAT-T is available
configure:1669: checking for working const
configure:1723: cc -c -O2 -pipe -fno-strict-aliasing  conftest.c 1>&5
configure:1744: checking for pid_t
configure:1777: checking for size_t
configure:1810: checking whether time.h and sys/time.h may both be included
configure:1824: cc -c -O2 -pipe -fno-strict-aliasing  conftest.c 1>&5
configure:1845: checking whether struct tm is in sys/time.h or time.h
configure:1858: cc -c -O2 -pipe -fno-strict-aliasing  conftest.c 1>&5
configure:1880: checking for 8-bit clean memcmp
configure:1898: cc -o conftest -O2 -pipe -fno-strict-aliasing   -rpath=/usr/lib:/usr/local/lib conftest.c  1>&5
configure: In function 'main':
configure:1893: warning: incompatible implicit declaration of built-in function 'exit'
configure:1916: checking for strftime
configure:1944: cc -o conftest -O2 -pipe -fno-strict-aliasing   -rpath=/usr/lib:/usr/local/lib conftest.c  1>&5
configure:1928: warning: conflicting types for built-in function 'strftime'
configure:2012: checking for vprintf
configure:2040: cc -o conftest -O2 -pipe -fno-strict-aliasing   -rpath=/usr/lib:/usr/local/lib conftest.c  1>&5
configure:2024: warning: conflicting types for built-in function 'vprintf'
configure:2119: checking for gettimeofday
configure:2147: cc -o conftest -O2 -pipe -fno-strict-aliasing   -rpath=/usr/lib:/usr/local/lib conftest.c  1>&5
configure:2119: checking for mktime
configure:2147: cc -o conftest -O2 -pipe -fno-strict-aliasing   -rpath=/usr/lib:/usr/local/lib conftest.c  1>&5
configure:2119: checking for socket
configure:2147: cc -o conftest -O2 -pipe -fno-strict-aliasing   -rpath=/usr/lib:/usr/local/lib conftest.c  1>&5
configure:2119: checking for strdup
configure:2147: cc -o conftest -O2 -pipe -fno-strict-aliasing   -rpath=/usr/lib:/usr/local/lib conftest.c  1>&5
configure:2131: warning: conflicting types for built-in function 'strdup'
configure:2119: checking for strerror
configure:2147: cc -o conftest -O2 -pipe -fno-strict-aliasing   -rpath=/usr/lib:/usr/local/lib conftest.c  1>&5
configure:2119: checking for strtol
configure:2147: cc -o conftest -O2 -pipe -fno-strict-aliasing   -rpath=/usr/lib:/usr/local/lib conftest.c  1>&5
configure:2119: checking for getifaddrs
configure:2147: cc -o conftest -O2 -pipe -fno-strict-aliasing   -rpath=/usr/lib:/usr/local/lib conftest.c  1>&5
configure:2174: checking for strlcpy
configure:2202: cc -o conftest -O2 -pipe -fno-strict-aliasing   -rpath=/usr/lib:/usr/local/lib conftest.c  1>&5
configure:2174: checking for strlcat
configure:2202: cc -o conftest -O2 -pipe -fno-strict-aliasing   -rpath=/usr/lib:/usr/local/lib conftest.c  1>&5
configure:2174: checking for atoll
configure:2202: cc -o conftest -O2 -pipe -fno-strict-aliasing   -rpath=/usr/lib:/usr/local/lib conftest.c  1>&5
configure:2232: checking if printf accepts %z
configure:2247: cc -c -O2 -pipe -fno-strict-aliasing -Wall -Werror  conftest.c 1>&5
configure:2320: checking whether struct sockaddr has sa_len field
configure:2333: cc -c -O2 -pipe -fno-strict-aliasing  conftest.c 1>&5
configure:2351: checking if --with-openssl-libdir option is specified
configure:2397: checking for openssl/evp.h
configure:2407: cpp  conftest.c >/dev/null 2>conftest.out
configure:2436: checking make
