This file contains any messages produced by compilers while
running configure, to aid debugging if configure makes a mistake.

configure:584: checking host system type
configure:614: checking for gcc
configure:727: checking whether the C compiler (cc -O2 -pipe -fno-strict-aliasing  -rpath=/usr/lib:/usr/local/lib) works
configure:743: cc -o conftest -O2 -pipe -fno-strict-aliasing   -rpath=/usr/lib:/usr/local/lib conftest.c  1>&5
configure:769: checking whether the C compiler (cc -O2 -pipe -fno-strict-aliasing  -rpath=/usr/lib:/usr/local/lib) is a cross-compiler
configure:774: checking whether we are using GNU C
configure:783: cc -E conftest.c
configure:802: checking whether cc accepts -g
configure:834: checking how to run the C preprocessor
configure:928: checking for a BSD compatible install
configure:985: checking whether ikev1 should be enabled
configure:1014: checking if --enable-debug option is specified
configure:1083: checking --enable-updateifaddr
configure:1109: checking --enable-parsecoa
configure:1135: checking if --with-ipsec-window-size option is specified
configure:1166: checking if --with-install-opts option is specified
configure:1182: checking for ANSI C header files
configure:1195: cpp  conftest.c >/dev/null 2>conftest.out
configure:1262: cc -o conftest -O2 -pipe -fno-strict-aliasing -Wall   -rpath=/usr/lib:/usr/local/lib conftest.c  1>&5
configure: In function 'main':
configure:1257: warning: implicit declaration of function 'exit'
configure:1257: warning: incompatible implicit declaration of built-in function 'exit'
configure:1289: checking for limits.h
configure:1299: cpp  conftest.c >/dev/null 2>conftest.out
configure:1289: checking for netdb.h
configure:1299: cpp  conftest.c >/dev/null 2>conftest.out
configure:1289: checking for netinet/in.h
configure:1299: cpp  conftest.c >/dev/null 2>conftest.out
configure:1289: checking for netinet6/ipsec.h
configure:1299: cpp  conftest.c >/dev/null 2>conftest.out
configure:1295:28: error: netinet6/ipsec.h: No such file or directory
configure: failed program was:
#line 1294 "configure"
#include "confdefs.h"
#include <netinet6/ipsec.h>
configure:1289: checking for netipsec/ipsec.h
configure:1299: cpp  conftest.c >/dev/null 2>conftest.out
configure:1289: checking for stdarg.h
configure:1299: cpp  conftest.c >/dev/null 2>conftest.out
configure:1289: checking for stddef.h
configure:1299: cpp  conftest.c >/dev/null 2>conftest.out
configure:1289: checking for stdlib.h
configure:1299: cpp  conftest.c >/dev/null 2>conftest.out
configure:1289: checking for string.h
configure:1299: cpp  conftest.c >/dev/null 2>conftest.out
configure:1289: checking for sys/param.h
configure:1299: cpp  conftest.c >/dev/null 2>conftest.out
configure:1289: checking for sys/socket.h
configure:1299: cpp  conftest.c >/dev/null 2>conftest.out
configure:1289: checking for sys/time.h
configure:1299: cpp  conftest.c >/dev/null 2>conftest.out
configure:1289: checking for unistd.h
configure:1299: cpp  conftest.c >/dev/null 2>conftest.out
configure:1289: checking for inttypes.h
configure:1299: cpp  conftest.c >/dev/null 2>conftest.out
configure:1289: checking for stdint.h
configure:1299: cpp  conftest.c >/dev/null 2>conftest.out
configure:1327: checking if --with-kernel-build-dir option is specified
configure:1343: checking for net/pfkeyv2.h
configure:1353: cpp  conftest.c >/dev/null 2>conftest.out
configure:1398: checking if --enable-natt option is specified
configure:1407: checking if NAT-T is available
configure:1453: checking for working const
configure:1507: cc -c -O2 -pipe -fno-strict-aliasing -Wall  conftest.c 1>&5
configure: In function 'main':
configure:1481: warning: unused variable 's'
configure:1501: warning: unused variable 'foo'
configure:1469: warning: unused variable 'zero'
configure:1463: warning: unused variable 'x'
configure:1483: warning: 't' is used uninitialized in this function
configure:1498: warning: 'b' is used uninitialized in this function
configure:1528: checking for size_t
configure:1561: checking whether time.h and sys/time.h may both be included
configure:1575: cc -c -O2 -pipe -fno-strict-aliasing -Wall  conftest.c 1>&5
configure: In function 'main':
configure:1571: warning: unused variable 'tp'
configure:1597: checking size of long long
configure:1616: cc -o conftest -O2 -pipe -fno-strict-aliasing -Wall   -rpath=/usr/lib:/usr/local/lib conftest.c  1>&5
configure:1608: warning: return type defaults to 'int'
configure: In function 'main':
configure:1610: warning: implicit declaration of function 'exit'
configure:1610: warning: incompatible implicit declaration of built-in function 'exit'
configure:1639: checking whether cc needs -traditional
configure:1646:19: error: sgtty.h: No such file or directory
configure:1664:20: error: termio.h: No such file or directory
configure:1686: checking whether malloc() is usable
configure:1710: cc -o conftest -O2 -pipe -fno-strict-aliasing -Wall   -rpath=/usr/lib:/usr/local/lib conftest.c  1>&5
configure:1729: checking for 8-bit clean memcmp
configure:1747: cc -o conftest -O2 -pipe -fno-strict-aliasing -Wall   -rpath=/usr/lib:/usr/local/lib conftest.c  1>&5
configure:1740: warning: return type defaults to 'int'
configure: In function 'main':
configure:1742: warning: implicit declaration of function 'exit'
configure:1742: warning: incompatible implicit declaration of built-in function 'exit'
configure:1742: warning: implicit declaration of function 'memcmp'
configure:1765: checking return type of signal handlers
configure:1787: cc -c -O2 -pipe -fno-strict-aliasing -Wall  conftest.c 1>&5
configure: In function 'main':
configure:1783: warning: unused variable 'i'
configure:1808: checking for getaddrinfo
configure:1836: cc -o conftest -O2 -pipe -fno-strict-aliasing -Wall   -rpath=/usr/lib:/usr/local/lib conftest.c  1>&5
configure:1808: checking for getnameinfo
configure:1836: cc -o conftest -O2 -pipe -fno-strict-aliasing -Wall   -rpath=/usr/lib:/usr/local/lib conftest.c  1>&5
configure:1808: checking for getopt_long
configure:1836: cc -o conftest -O2 -pipe -fno-strict-aliasing -Wall   -rpath=/usr/lib:/usr/local/lib conftest.c  1>&5
configure:1808: checking for setprogname
configure:1836: cc -o conftest -O2 -pipe -fno-strict-aliasing -Wall   -rpath=/usr/lib:/usr/local/lib conftest.c  1>&5
configure:1808: checking for daemon
configure:1836: cc -o conftest -O2 -pipe -fno-strict-aliasing -Wall   -rpath=/usr/lib:/usr/local/lib conftest.c  1>&5
configure:1808: checking for timegm
configure:1836: cc -o conftest -O2 -pipe -fno-strict-aliasing -Wall   -rpath=/usr/lib:/usr/local/lib conftest.c  1>&5
configure:1862: checking __func__ macro
configure:1873: cc -c -O2 -pipe -fno-strict-aliasing -Wall  conftest.c 1>&5
configure: In function 'main':
configure:1868: warning: initialization discards qualifiers from pointer target type
configure:1868: warning: unused variable 's'
configure:1892: checking if sa_len is available
configure:1907: cc -c -O2 -pipe -fno-strict-aliasing -Wall  conftest.c 1>&5
configure:1928: checking if ipv6 is available
configure:1963: cc -o conftest -O2 -pipe -fno-strict-aliasing -Wall   -rpath=/usr/lib:/usr/local/lib conftest.c  1>&5
configure:1953: warning: return type defaults to 'int'
configure: In function 'main':
configure:1954: warning: implicit declaration of function 'exit'
configure:1954: warning: incompatible implicit declaration of built-in function 'exit'
configure:1988: checking for advanced API support
configure:2006: cc -c -O2 -pipe -fno-strict-aliasing -Wall  conftest.c 1>&5
configure: In function 'main':
configure:2002: warning: unused variable 'a'
configure:2070: checking for library containing dlopen
configure:2088: cc -o conftest -O2 -pipe -fno-strict-aliasing -Wall   -rpath=/usr/lib:/usr/local/lib conftest.c  1>&5
configure:2136: checking if --with-openssl-libdir option is specified
configure:2180: checking --enable-engine
configure:2198: checking if --enable-rc5 option is specified
configure:2254: checking if --enable-idea option is specified
configure:2313: checking for openssl/rsa.h
configure:2323: cpp  conftest.c >/dev/null 2>conftest.out
configure:2313: checking for openssl/pem.h
configure:2323: cpp  conftest.c >/dev/null 2>conftest.out
configure:2313: checking for openssl/evp.h
configure:2323: cpp  conftest.c >/dev/null 2>conftest.out
configure:2313: checking for openssl/x509.h
configure:2323: cpp  conftest.c >/dev/null 2>conftest.out
configure:2358: checking whether d2i_PublicKey argument requires const
configure:2372: cc -c -O2 -pipe -fno-strict-aliasing -Wall  conftest.c 1>&5
configure:2393: checking for openssl/opensslv.h
configure:2403: cpp  conftest.c >/dev/null 2>conftest.out
configure:2393: checking for openssl/pkcs12.h
configure:2403: cpp  conftest.c >/dev/null 2>conftest.out
configure:2437: checking for openssl/aes.h
configure:2447: cpp  conftest.c >/dev/null 2>conftest.out
configure:2477: checking for EVP_sha256
configure:2505: cc -o conftest -O2 -pipe -fno-strict-aliasing -Wall   -rpath=/usr/lib:/usr/local/lib -L/usr/lib conftest.c -lcrypto  1>&5
configure:2538: checking make
